2021-09-15 10:02:22.7149 INFO -- AuthenticateUser - Request: {"ID":"00000000-0000-0000-0000-000000000000","UserName":"2258134598","Password":"P@ssw0rd32","StaffID":"00000000-0000-0000-0000-000000000000","SubID":"00000000-0000-0000-0000-000000000000"} --  

----------------------------------------------------------------------------
 
2021-09-15 10:02:39.8045 INFO -- AuthenticateUser - Response: {"Token":"fKXdECQcCCcMSxkDt71Ygc4oukmm-rkYYNzfOpGfH23E1oqwPvL5kCrQBZngVY7Jv6qelvlpeekfmRTISu5nIs2_U5Q_IVKK7Z2FpPVHNhW28ndh0X3mGB2W6AOggLDc9Zulrg8lwERNTynhntGWfZd6csryk5GWJwoCQvU_LrzW49vNy7rQQI5qkpRO9aW5","TimeStamp":"2021-09-15T10:02:39.0013678+03:00"} --  

----------------------------------------------------------------------------
 
2021-09-15 10:03:05.1844 INFO -- SaveTankerPermit - Request: {"PlateNo":"x55س42f3","transporterBrand":"Nissan","transporterProductionYear":"2015","licenseNo":"98557766","licenseExpiryDate":"2010-04-06T00:00:00","entranceDate":"2021-08-19T16:18:23.377","TankCapacity":5.0,"plateNo_Numbers":"7788","plateNo_Characters":"ط ل ل","TransporterColor":null,"Drivers":[{"DriverFullNameAR":"saed577","DriverIDType":"3","DriverIDValue":"2009667515","DriverMobileNumber":"0567251284","DriverDrivingLicenseNumber":"15","DriverDrivingLicenseExpiryDate":"19/08/2020"}],"PermitVersion":"v2.0","PermitIssue":"32","PermitExpiration":"2022-08-19T00:00:00"} --  

----------------------------------------------------------------------------
 
2021-09-15 10:03:16.2794 INFO -- SaveTankerPermit - Response: "28be65d8-14c6-48a5-83fa-4fd7a5e725e6" --  

----------------------------------------------------------------------------
 
2021-09-15 10:03:40.9749 INFO -- SaveTankerPermit - Request: {"PlateNo":"x55س42f3","transporterBrand":"Nissan","transporterProductionYear":"2015","licenseNo":"98557766","licenseExpiryDate":"2010-04-06T00:00:00","entranceDate":"2021-08-19T16:18:23.377","TankCapacity":5.0,"plateNo_Numbers":"7788","plateNo_Characters":"ط ل ل","TransporterColor":null,"Drivers":null,"PermitVersion":"v2.0","PermitIssue":"32","PermitExpiration":"2022-08-19T00:00:00"} --  

----------------------------------------------------------------------------
 
2021-09-15 10:03:41.8619 INFO -- SaveTankerPermit - Response: null --  

----------------------------------------------------------------------------
 
2021-09-15 10:04:03.9278 INFO -- SaveTankerPermit - Request: {"PlateNo":"x55س42f3","transporterBrand":"Nissan","transporterProductionYear":"2015","licenseNo":"98557766","licenseExpiryDate":"2010-04-06T00:00:00","entranceDate":"2021-08-19T16:18:23.377","TankCapacity":5.0,"plateNo_Numbers":"7788","plateNo_Characters":"ط ل ل","TransporterColor":null,"Drivers":[{"DriverFullNameAR":"saed577","DriverIDType":"3","DriverIDValue":"2009667515","DriverMobileNumber":"0567251284","DriverDrivingLicenseNumber":"15","DriverDrivingLicenseExpiryDate":"19/08/2020"}],"PermitVersion":"v2.0","PermitIssue":"32","PermitExpiration":"2022-08-19T00:00:00"} --  

----------------------------------------------------------------------------
 
2021-09-15 10:04:05.4390 INFO -- SaveTankerPermit - Response: "28be65d8-14c6-48a5-83fa-4fd7a5e725e6" --  

----------------------------------------------------------------------------
 
2021-09-15 10:04:19.8762 INFO -- SaveTankerPermit - Request: {"PlateNo":"x55س42f3","transporterBrand":"Nissan","transporterProductionYear":"2015","licenseNo":"98557766","licenseExpiryDate":"2010-04-06T00:00:00","entranceDate":"2021-08-19T16:18:23.377","TankCapacity":5.0,"plateNo_Numbers":"7788","plateNo_Characters":"ط ل ل","TransporterColor":null,"Drivers":[{"DriverFullNameAR":"saed577","DriverIDType":"3","DriverIDValue":"2009667515","DriverMobileNumber":"0567251284","DriverDrivingLicenseNumber":"15","DriverDrivingLicenseExpiryDate":"19/08/2020"}],"PermitVersion":"v2.0","PermitIssue":"32","PermitExpiration":"2022-08-19T00:00:00"} --  

----------------------------------------------------------------------------
 
2021-09-15 10:04:20.9125 INFO -- SaveTankerPermit - Response: "28be65d8-14c6-48a5-83fa-4fd7a5e725e6" --  

----------------------------------------------------------------------------
 
2021-09-15 10:04:43.7592 INFO -- TankerAccessDTO - Request: {"PlateNo":"x55س4f3","permitNo":"00000000-0000-0000-0000-000000000000","TransactionId":"2629623e-6403-430e-a40c-d03dd3386d31","RequestTime":"2021-08-08T00:00:00","status":false,"Reason":null,"token":null} --  

----------------------------------------------------------------------------
 
2021-09-15 10:04:45.2601 INFO -- TankerAccessAuthorization - Response: {"TransactionId":"94245d6d-d0d0-40df-98be-f0df6c64d799","ResponseTime":"2021-09-15T10:04:44.8790004+03:00","value":false} --  

----------------------------------------------------------------------------
 
2021-09-15 10:05:04.6221 INFO -- TankerAccessDTO - Request: {"PlateNo":"x55س4f3","permitNo":"00000000-0000-0000-0000-000000000000","TransactionId":"2629623e-6403-430e-a40c-d03dd3386d31","RequestTime":"0001-01-01T00:00:00","status":false,"Reason":null,"token":null} --  

----------------------------------------------------------------------------
 
2021-09-15 10:05:05.3565 INFO -- TankerAccessAuthorization - Response: null --  

----------------------------------------------------------------------------
 
2021-09-15 10:06:11.2724 INFO -- TankerAccessDTO - Request: {"PlateNo":"a ش 0 15521","permitNo":"00000000-0000-0000-0000-000000000000","TransactionId":"b0e39428-3bc2-4350-83ce-006d777b2df8","RequestTime":"2021-08-08T00:00:00","status":false,"Reason":"cancelled","token":null} --  

----------------------------------------------------------------------------
 
2021-09-15 10:06:12.1932 INFO -- TankerCheckStatus - Response: null --  

----------------------------------------------------------------------------
 
2021-09-15 16:19:48.8593 INFO -- AuthenticateUser - Request: {"ID":"00000000-0000-0000-0000-000000000000","UserName":"2258134598","Password":"P@ssw0rd32","StaffID":"00000000-0000-0000-0000-000000000000","SubID":"00000000-0000-0000-0000-000000000000","Source":null,"TransactionId":null} --  

----------------------------------------------------------------------------
 
2021-09-15 16:20:51.5470 INFO -- AuthenticateUser - Response: {"Token":"fKXdECQcCCcMSxkDt71Ygc4oukmm-rkYYNzfOpGfH23E1oqwPvL5kCrQBZngVY7Jv6qelvlpeekfmRTISu5nIs2_U5Q_IVKK7Z2FpPVHNhW28ndh0X3mGB2W6AOggLDc9Zulrg8lwERNTynhntGWfZYm8sBvTLX9vS0Wzbhl4u2uwZGpEKBAHPpDT_1yVgtd","TimeStamp":"2021-09-15T16:20:51.2560301+03:00"} --  

----------------------------------------------------------------------------
 
2021-09-15 16:21:52.2989 INFO -- AuthenticateUser - Request: {"ID":"00000000-0000-0000-0000-000000000000","UserName":"2258134598","Password":"P@ssw0rd32","StaffID":"00000000-0000-0000-0000-000000000000","SubID":"00000000-0000-0000-0000-000000000000","Source":"ELM","TransactionId":"fKXdECQcCCcMSxkDt71Ygc4oukmm-rkYYNz"} --  

----------------------------------------------------------------------------
 
2021-09-15 16:21:53.5917 INFO -- AuthenticateUser - Response: {"Token":"fKXdECQcCCcMSxkDt71Ygc4oukmm-rkYYNzfOpGfH23E1oqwPvL5kCrQBZngVY7Jv6qelvlpeekfmRTISu5nIs2_U5Q_IVKK7Z2FpPVHNhW28ndh0X3mGB2W6AOggLDc9Zulrg8lwERNTynhntGWfa0pv4sJyuGNQy7ld18ZYeF8Cp8FuF9-Tjx8cvNkKok1","TimeStamp":"2021-09-15T16:21:53.5788913+03:00"} --  

----------------------------------------------------------------------------
 
2021-09-15 16:22:04.6248 INFO -- AuthenticateUser - Request: {"ID":"00000000-0000-0000-0000-000000000000","UserName":"2258134598","Password":"P@ssw0rd32","StaffID":"00000000-0000-0000-0000-000000000000","SubID":"00000000-0000-0000-0000-000000000000","Source":"ELM","TransactionId":"fKXdECQcCCcMSxkDt71Ygc4oukmm-rkYYNz"} --  

----------------------------------------------------------------------------
 
2021-09-15 16:22:05.1266 INFO -- AuthenticateUser - Response: {"Token":"fKXdECQcCCcMSxkDt71Ygc4oukmm-rkYYNzfOpGfH23E1oqwPvL5kCrQBZngVY7Jv6qelvlpeekfmRTISu5nIs2_U5Q_IVKK7Z2FpPVHNhW28ndh0X3mGB2W6AOggLDc9Zulrg8lwERNTynhntGWfS8QM0E9qb_BwOuwjnHmp1mm6QjoTIkSPkAjY5O5_F-Z","TimeStamp":"2021-09-15T16:22:05.1096685+03:00"} --  

----------------------------------------------------------------------------
 
2021-09-15 16:26:03.7600 INFO -- SaveTankerPermit - Request: {"PlateNo":"x55س42f3","transporterBrand":"Nissan","transporterProductionYear":"2015","licenseNo":"98557766","licenseExpiryDate":"2010-04-06T00:00:00","entranceDate":"2021-08-19T16:18:23.377","TankCapacity":5.0,"plateNo_Numbers":"7788","plateNo_Characters":"ط ل ل","TransporterColor":null,"Drivers":null,"PermitVersion":"v2.0","PermitIssue":"32","PermitExpiration":"2022-08-19T00:00:00","Source":"ELM","TransactionId":"fKXdECQcCCcMSxkDt71Ygc4oukmm-rkYYNz"} --  

----------------------------------------------------------------------------
 
2021-09-15 16:26:08.9200 ERROR -- System.Exception: SaveTankerPermit - Sending wrong, expired or invalid authentication token. -- System.Exception: SaveTankerPermit - Sending wrong, expired or invalid authentication token. 

----------------------------------------------------------------------------
 
2021-09-15 16:26:23.1999 INFO -- SaveTankerPermit - Request: {"PlateNo":"x55س42f3","transporterBrand":"Nissan","transporterProductionYear":"2015","licenseNo":"98557766","licenseExpiryDate":"2010-04-06T00:00:00","entranceDate":"2021-08-19T16:18:23.377","TankCapacity":5.0,"plateNo_Numbers":"7788","plateNo_Characters":"ط ل ل","TransporterColor":null,"Drivers":null,"PermitVersion":"v2.0","PermitIssue":"32","PermitExpiration":"2022-08-19T00:00:00","Source":"ELM","TransactionId":"fKXdECQcCCcMSxkDt71Ygc4oukmm-rkYYNz"} --  

----------------------------------------------------------------------------
 
2021-09-15 16:26:24.1381 INFO -- SaveTankerPermit - Response: null --  

----------------------------------------------------------------------------
 
2021-09-15 16:27:10.4959 INFO -- SaveTankerPermit - Request: {"PlateNo":"x55س42f3","transporterBrand":"Nissan","transporterProductionYear":"2015","licenseNo":"98557766","licenseExpiryDate":"2010-04-06T00:00:00","entranceDate":"2021-08-19T16:18:23.377","TankCapacity":5.0,"plateNo_Numbers":"7788","plateNo_Characters":"ط ل ل","TransporterColor":null,"Drivers":[{"DriverFullNameAR":"saed577","DriverIDType":"3","DriverIDValue":"2009667515","DriverMobileNumber":"0567251284","DriverDrivingLicenseNumber":"15","DriverDrivingLicenseExpiryDate":"19/08/2020"}],"PermitVersion":"v2.0","PermitIssue":"32","PermitExpiration":"2022-08-19T00:00:00","Source":"ELM","TransactionId":"fKXdECQcCCcMSxkDt71Ygc4oukmm-rkYYNz"} --  

----------------------------------------------------------------------------
 
2021-09-15 16:27:11.7652 INFO -- SaveTankerPermit - Response: "4a990e2e-63be-4cad-8097-3f8d99ec6dd4" --  

----------------------------------------------------------------------------
 
2021-09-15 16:28:07.1505 INFO -- TankerAccessDTO - Request: {"PlateNo":"x55س4f3","permitNo":"00000000-0000-0000-0000-000000000000","TransactionId":"2629623e-6403-430e-a40c-d03dd3386d31","RequestTime":"2021-08-08T00:00:00","status":false,"Reason":null,"token":null} --  

----------------------------------------------------------------------------
 
2021-09-15 16:28:07.5400 INFO -- TankerAccessAuthorization - Response: null --  

----------------------------------------------------------------------------
 
2021-09-15 16:28:42.0261 INFO -- TankerAccessDTO - Request: {"PlateNo":"a ش 0 15521","permitNo":"00000000-0000-0000-0000-000000000000","TransactionId":"b0e39428-3bc2-4350-83ce-006d777b2df8","RequestTime":"2021-08-08T00:00:00","status":false,"Reason":"cancelled","token":null} --  

----------------------------------------------------------------------------
 
2021-09-15 16:28:42.4030 INFO -- TankerCheckStatus - Response: {"TransactionId":"b0e39428-3bc2-4350-83ce-006d777b2df8","ResponseTime":"2021-09-15T16:28:42.2312907+03:00","value":false} --  

----------------------------------------------------------------------------
 
