2021-08-05 11:12:27.4286 INFO -- AuthenticateUser - Request: {"ID":"00000000-0000-0000-0000-000000000000","Name":"2258134598","Password":"P@ssw0rd322","StaffID":"00000000-0000-0000-0000-000000000000","SubID":"00000000-0000-0000-0000-000000000000"} --  

----------------------------------------------------------------------------
 
2021-08-05 11:12:50.9870 INFO -- AuthenticateUser - Response: null --  

----------------------------------------------------------------------------
 
2021-08-05 11:13:05.6854 INFO -- AuthenticateUser - Request: {"ID":"00000000-0000-0000-0000-000000000000","Name":"2258134598","Password":"P@ssw0rd32","StaffID":"00000000-0000-0000-0000-000000000000","SubID":"00000000-0000-0000-0000-000000000000"} --  

----------------------------------------------------------------------------
 
2021-08-05 11:13:47.8258 INFO -- AuthenticateUser - Response: null --  

----------------------------------------------------------------------------
 
2021-08-05 11:14:17.5964 INFO -- AuthenticateUser - Request: {"ID":"00000000-0000-0000-0000-000000000000","Name":"2258134598","Password":"P@ssw0rd32","StaffID":"00000000-0000-0000-0000-000000000000","SubID":"00000000-0000-0000-0000-000000000000"} --  

----------------------------------------------------------------------------
 
2021-08-05 11:14:54.1658 INFO -- AuthenticateUser - Response: null --  

----------------------------------------------------------------------------
 
2021-08-05 11:15:30.1430 INFO -- AuthenticateUser - Request: {"ID":"00000000-0000-0000-0000-000000000000","Name":"2258134598","Password":"P@ssw0rd32","StaffID":"00000000-0000-0000-0000-000000000000","SubID":"00000000-0000-0000-0000-000000000000"} --  

----------------------------------------------------------------------------
 
2021-08-05 11:16:14.4105 INFO -- AuthenticateUser - Response: null --  

----------------------------------------------------------------------------
 
2021-08-05 11:16:18.5487 INFO -- AuthenticateUser - Request: {"ID":"00000000-0000-0000-0000-000000000000","Name":"2258134598","Password":"P@ssw0rd32","StaffID":"00000000-0000-0000-0000-000000000000","SubID":"00000000-0000-0000-0000-000000000000"} --  

----------------------------------------------------------------------------
 
2021-08-05 11:16:21.0940 INFO -- AuthenticateUser - Response: null --  

----------------------------------------------------------------------------
 
2021-08-05 11:16:29.3997 INFO -- AuthenticateUser - Request: {"ID":"00000000-0000-0000-0000-000000000000","Name":"2258134598","Password":"P@ssw0rd32","StaffID":"00000000-0000-0000-0000-000000000000","SubID":"00000000-0000-0000-0000-000000000000"} --  

----------------------------------------------------------------------------
 
2021-08-05 11:16:37.3256 INFO -- AuthenticateUser - Response: null --  

----------------------------------------------------------------------------
 
2021-08-05 11:17:10.8291 INFO -- AuthenticateUser - Request: {"ID":"00000000-0000-0000-0000-000000000000","Name":"2258134598","Password":"P@ssw0rd32","StaffID":"00000000-0000-0000-0000-000000000000","SubID":"00000000-0000-0000-0000-000000000000"} --  

----------------------------------------------------------------------------
 
2021-08-05 11:17:40.9117 INFO -- AuthenticateUser - Exception --  

----------------------------------------------------------------------------
 
2021-08-05 11:17:40.9117 ERROR -- System.AggregateException: One or more errors occurred. ---> System.Net.Http.HttpRequestException: An error occurred while sending the request. ---> System.Net.WebException: The underlying connection was closed: An unexpected error occurred on a receive. ---> System.IO.IOException: Unable to read data from the transport connection: An existing connection was forcibly closed by the remote host. ---> System.Net.Sockets.SocketException: An existing connection was forcibly closed by the remote host
   at System.Net.Sockets.Socket.EndReceive(IAsyncResult asyncResult)
   at System.Net.Sockets.NetworkStream.EndRead(IAsyncResult asyncResult)
   --- End of inner exception stack trace ---
   at System.Net.Sockets.NetworkStream.EndRead(IAsyncResult asyncResult)
   at System.Net.PooledStream.EndRead(IAsyncResult asyncResult)
   at System.Net.Connection.ReadCallback(IAsyncResult asyncResult)
   --- End of inner exception stack trace ---
   at System.Net.HttpWebRequest.EndGetResponse(IAsyncResult asyncResult)
   at System.Net.Http.HttpClientHandler.GetResponseCallback(IAsyncResult ar)
   --- End of inner exception stack trace ---
   --- End of inner exception stack trace ---
   at System.Threading.Tasks.Task.ThrowIfExceptional(Boolean includeTaskCanceledExceptions)
   at System.Threading.Tasks.Task.Wait(Int32 millisecondsTimeout, CancellationToken cancellationToken)
   at System.Threading.Tasks.Task.Wait()
   at FromCCBToNWC.API.Controllers.UserController.AuthenticateUser(AccountDTO accountDTO) in G:\SofTec_TMS\SofTec_NWC_CCB_Integration1\ELM_NWC_Integration\Controllers\UserController.cs:line 51
---> (Inner Exception #0) System.Net.Http.HttpRequestException: An error occurred while sending the request. ---> System.Net.WebException: The underlying connection was closed: An unexpected error occurred on a receive. ---> System.IO.IOException: Unable to read data from the transport connection: An existing connection was forcibly closed by the remote host. ---> System.Net.Sockets.SocketException: An existing connection was forcibly closed by the remote host
   at System.Net.Sockets.Socket.EndReceive(IAsyncResult asyncResult)
   at System.Net.Sockets.NetworkStream.EndRead(IAsyncResult asyncResult)
   --- End of inner exception stack trace ---
   at System.Net.Sockets.NetworkStream.EndRead(IAsyncResult asyncResult)
   at System.Net.PooledStream.EndRead(IAsyncResult asyncResult)
   at System.Net.Connection.ReadCallback(IAsyncResult asyncResult)
   --- End of inner exception stack trace ---
   at System.Net.HttpWebRequest.EndGetResponse(IAsyncResult asyncResult)
   at System.Net.Http.HttpClientHandler.GetResponseCallback(IAsyncResult ar)
   --- End of inner exception stack trace ---<---
 -- System.Net.Http.HttpRequestException: An error occurred while sending the request. ---> System.Net.WebException: The underlying connection was closed: An unexpected error occurred on a receive. ---> System.IO.IOException: Unable to read data from the transport connection: An existing connection was forcibly closed by the remote host. ---> System.Net.Sockets.SocketException: An existing connection was forcibly closed by the remote host
   at System.Net.Sockets.Socket.EndReceive(IAsyncResult asyncResult)
   at System.Net.Sockets.NetworkStream.EndRead(IAsyncResult asyncResult)
   --- End of inner exception stack trace ---
   at System.Net.Sockets.NetworkStream.EndRead(IAsyncResult asyncResult)
   at System.Net.PooledStream.EndRead(IAsyncResult asyncResult)
   at System.Net.Connection.ReadCallback(IAsyncResult asyncResult)
   --- End of inner exception stack trace ---
   at System.Net.HttpWebRequest.EndGetResponse(IAsyncResult asyncResult)
   at System.Net.Http.HttpClientHandler.GetResponseCallback(IAsyncResult ar)
   --- End of inner exception stack trace --- 

----------------------------------------------------------------------------
 
2021-08-05 11:19:48.2535 INFO -- AuthenticateUser - Request: {"ID":"00000000-0000-0000-0000-000000000000","Name":"2258134598","Password":"P@ssw0rd32","StaffID":"00000000-0000-0000-0000-000000000000","SubID":"00000000-0000-0000-0000-000000000000"} --  

----------------------------------------------------------------------------
 
2021-08-05 11:20:24.1644 INFO -- AuthenticateUser - Response: {"Token":"fKXdECQcCCcMSxkDt71Ygc4oukmm-rkYYNzfOpGfH23E1oqwPvL5kCrQBZngVY7Jv6qelvlpeekfmRTISu5nIs2_U5Q_IVKK7Z2FpPVHNhW28ndh0X3mGB2W6AOggLDc9Zulrg8lwERNTynhntGWfSfB21t6Ddhri6fk398h2o0z45ULTntGuDs50BV9n6iq","TimeStamp":"2021-08-05T11:20:21.7557454+03:00","Status":0,"Context":{"MobileAccount":null}} --  

----------------------------------------------------------------------------
 
2021-08-05 11:20:30.0898 INFO -- AuthenticateUser - Request: {"ID":"00000000-0000-0000-0000-000000000000","Name":"225813459833","Password":"P@ssw0rd32","StaffID":"00000000-0000-0000-0000-000000000000","SubID":"00000000-0000-0000-0000-000000000000"} --  

----------------------------------------------------------------------------
 
2021-08-05 11:20:42.6162 INFO -- AuthenticateUser - Response: null --  

----------------------------------------------------------------------------
 
2021-08-05 11:21:21.9448 INFO -- AuthenticateUser - Request: {"ID":"00000000-0000-0000-0000-000000000000","Name":"225813459833","Password":"P@ssw0rd32","StaffID":"00000000-0000-0000-0000-000000000000","SubID":"00000000-0000-0000-0000-000000000000"} --  

----------------------------------------------------------------------------
 
2021-08-05 11:21:43.8383 INFO -- AuthenticateUser - Response: null --  

----------------------------------------------------------------------------
 
2021-08-05 14:12:45.6076 INFO -- AuthenticateUser - Request: {"ID":"00000000-0000-0000-0000-000000000000","Name":"225813459833","Password":"P@ssw0rd32","StaffID":"00000000-0000-0000-0000-000000000000","SubID":"00000000-0000-0000-0000-000000000000"} --  

----------------------------------------------------------------------------
 
2021-08-05 14:13:17.3770 INFO -- AuthenticateUser - Response: null --  

----------------------------------------------------------------------------
 
2021-08-05 14:13:37.5269 INFO -- AuthenticateUser - Request: {"ID":"00000000-0000-0000-0000-000000000000","Name":"225813459833","Password":"P@ssw0rd32","StaffID":"00000000-0000-0000-0000-000000000000","SubID":"00000000-0000-0000-0000-000000000000"} --  

----------------------------------------------------------------------------
 
2021-08-05 14:13:52.4272 INFO -- AuthenticateUser - Response: null --  

----------------------------------------------------------------------------
 
2021-08-05 14:14:01.0882 INFO -- AuthenticateUser - Request: {"ID":"00000000-0000-0000-0000-000000000000","Name":"22581345983","Password":"P@ssw0rd32","StaffID":"00000000-0000-0000-0000-000000000000","SubID":"00000000-0000-0000-0000-000000000000"} --  

----------------------------------------------------------------------------
 
2021-08-05 14:14:10.7346 INFO -- AuthenticateUser - Response: null --  

----------------------------------------------------------------------------
 
2021-08-05 14:14:29.7908 INFO -- AuthenticateUser - Request: {"ID":"00000000-0000-0000-0000-000000000000","Name":"22581345983","Password":"P@ssw0rd32","StaffID":"00000000-0000-0000-0000-000000000000","SubID":"00000000-0000-0000-0000-000000000000"} --  

----------------------------------------------------------------------------
 
2021-08-05 14:14:40.0987 INFO -- AuthenticateUser - Response: null --  

----------------------------------------------------------------------------
 
2021-08-05 14:14:55.6778 INFO -- AuthenticateUser - Request: {"ID":"00000000-0000-0000-0000-000000000000","Name":"22581345983","Password":"P@ssw0rd32","StaffID":"00000000-0000-0000-0000-000000000000","SubID":"00000000-0000-0000-0000-000000000000"} --  

----------------------------------------------------------------------------
 
2021-08-05 14:15:20.8937 INFO -- AuthenticateUser - Response: null --  

----------------------------------------------------------------------------
 
2021-08-05 14:15:58.4615 INFO -- AuthenticateUser - Request: {"ID":"00000000-0000-0000-0000-000000000000","Name":"2258134598","Password":"P@ssw0rd32","StaffID":"00000000-0000-0000-0000-000000000000","SubID":"00000000-0000-0000-0000-000000000000"} --  

----------------------------------------------------------------------------
 
2021-08-05 14:16:14.4116 INFO -- AuthenticateUser - Response: {"Token":"fKXdECQcCCcMSxkDt71Ygc4oukmm-rkYYNzfOpGfH23E1oqwPvL5kCrQBZngVY7Jv6qelvlpeekfmRTISu5nIs2_U5Q_IVKK7Z2FpPVHNhW28ndh0X3mGB2W6AOggLDc9Zulrg8lwERNTynhntGWfYOyvukxSAkTW0aU8VfZzm25HcYwEu2UZfkLgGW98mug","TimeStamp":"2021-08-05T14:16:12.4090526+03:00","Status":0,"Context":{"MobileAccount":null}} --  

----------------------------------------------------------------------------
 
2021-08-05 14:22:55.1725 INFO -- SaveTankerPermit - Request: {"PlateNo":"TF-6242","transporterBrand":"12","transporterProductionYear":"44","licenseNo":"1","licenseExpiryDate":"2021-01-09T00:00:00","entranceDate":"2021-08-03T00:00:00","TankCapacity":12.5,"plateNo_Numbers":"2","plateNo_Characters":"6","TransporterColor":null,"DriverFullNameAR":null,"DriverIDType":null,"DriverMobileNumber":null,"DriverDrivingLicenseNumber":null,"DriverDrivingLicenseExpiryDate":null} --  

----------------------------------------------------------------------------
 
2021-08-05 14:22:55.3053 ERROR -- System.Exception: SaveTankerPermit - Sending wrong, expired or invalid authentication token. -- System.Exception: SaveTankerPermit - Sending wrong, expired or invalid authentication token. 

----------------------------------------------------------------------------
 
2021-08-05 14:23:11.8911 INFO -- SaveTankerPermit - Request: {"PlateNo":"TF-6242","transporterBrand":"12","transporterProductionYear":"44","licenseNo":"1","licenseExpiryDate":"2021-01-09T00:00:00","entranceDate":"2021-08-03T00:00:00","TankCapacity":12.5,"plateNo_Numbers":"2","plateNo_Characters":"6","TransporterColor":null,"DriverFullNameAR":null,"DriverIDType":null,"DriverMobileNumber":null,"DriverDrivingLicenseNumber":null,"DriverDrivingLicenseExpiryDate":null} --  

----------------------------------------------------------------------------
 
2021-08-05 14:23:40.0864 INFO -- SaveTankerPermit - Response: null --  

----------------------------------------------------------------------------
 
2021-08-05 14:25:32.8577 INFO -- SaveTankerPermit - Request: {"PlateNo":"TF-6242","transporterBrand":"12","transporterProductionYear":"44","licenseNo":"1","licenseExpiryDate":"2021-01-09T00:00:00","entranceDate":"2021-08-03T00:00:00","TankCapacity":12.5,"plateNo_Numbers":"2","plateNo_Characters":"6","TransporterColor":null,"DriverFullNameAR":null,"DriverIDType":null,"DriverMobileNumber":null,"DriverDrivingLicenseNumber":null,"DriverDrivingLicenseExpiryDate":null} --  

----------------------------------------------------------------------------
 
2021-08-05 14:25:47.7488 INFO -- SaveTankerPermit - Response: null --  

----------------------------------------------------------------------------
 
