2021-08-08 10:14:49.7358 INFO -- AuthenticateUser - Request: {"ID":"00000000-0000-0000-0000-000000000000","Name":"2258134598","Password":"P@ssw0rd32","StaffID":"00000000-0000-0000-0000-000000000000","SubID":"00000000-0000-0000-0000-000000000000"} --  

----------------------------------------------------------------------------
 
2021-08-08 10:15:40.0723 INFO -- AuthenticateUser - Response: {"Token":"fKXdECQcCCcMSxkDt71Ygc4oukmm-rkYYNzfOpGfH23E1oqwPvL5kCrQBZngVY7Jv6qelvlpeekfmRTISu5nIs2_U5Q_IVKK7Z2FpPVHNhW28ndh0X3mGB2W6AOggLDc9Zulrg8lwERNTynhntGWfW2L3Sn1iETKrzqolbtKb5tJcg9OF7u5nHtQeZGJe7lT","TimeStamp":"2021-08-08T10:15:39.8988111+03:00","Status":0,"Context":{"MobileAccount":null}} --  

----------------------------------------------------------------------------
 
2021-08-08 10:20:48.8727 INFO -- SaveTankerPermit - Request: {"PlateNo":"TF-6242","transporterBrand":"12","transporterProductionYear":"44","licenseNo":"1","licenseExpiryDate":"2021-01-09T00:00:00","entranceDate":"2021-08-03T00:00:00","TankCapacity":12.5,"plateNo_Numbers":"2","plateNo_Characters":"6","TransporterColor":null,"DriverFullNameAR":null,"DriverIDType":null,"DriverMobileNumber":null,"DriverDrivingLicenseNumber":null,"DriverDrivingLicenseExpiryDate":null} --  

----------------------------------------------------------------------------
 
2021-08-08 10:20:48.8727 INFO -- SaveTankerPermit - Sending wrong, expired or invalid authentication token. --  

----------------------------------------------------------------------------
 
2021-08-08 10:21:54.4765 INFO -- SaveTankerPermit - Request: {"PlateNo":"TF-6242","transporterBrand":"12","transporterProductionYear":"44","licenseNo":"1","licenseExpiryDate":"2021-01-09T00:00:00","entranceDate":"2021-08-03T00:00:00","TankCapacity":12.5,"plateNo_Numbers":"2","plateNo_Characters":"6","TransporterColor":null,"DriverFullNameAR":null,"DriverIDType":null,"DriverMobileNumber":null,"DriverDrivingLicenseNumber":null,"DriverDrivingLicenseExpiryDate":null} --  

----------------------------------------------------------------------------
 
2021-08-08 10:31:03.2631 INFO -- SaveTankerPermit - Request: {"PlateNo":"TF-6242","transporterBrand":"12","transporterProductionYear":"44","licenseNo":"1","licenseExpiryDate":"2021-01-09T00:00:00","entranceDate":"2021-08-03T00:00:00","TankCapacity":12.5,"plateNo_Numbers":"2","plateNo_Characters":"6","TransporterColor":null,"DriverFullNameAR":null,"DriverIDType":null,"DriverMobileNumber":null,"DriverDrivingLicenseNumber":null,"DriverDrivingLicenseExpiryDate":null} --  

----------------------------------------------------------------------------
 
2021-08-08 10:32:43.4510 INFO -- SaveTankerPermit - Exception --  

----------------------------------------------------------------------------
 
2021-08-08 10:32:43.4510 ERROR -- System.AggregateException: One or more errors occurred. ---> System.Threading.Tasks.TaskCanceledException: A task was canceled.
   --- End of inner exception stack trace ---
   at System.Threading.Tasks.Task.ThrowIfExceptional(Boolean includeTaskCanceledExceptions)
   at System.Threading.Tasks.Task.Wait(Int32 millisecondsTimeout, CancellationToken cancellationToken)
   at System.Threading.Tasks.Task.Wait()
   at ELM_NWC_Integration.Controllers.TankerController.SaveTankerPermit(TankerDTO TankerDTO) in G:\SofTec_TMS\SofTec_NWC_CCB_Integration1\ELM_NWC_Integration\Controllers\TankerController.cs:line 54
---> (Inner Exception #0) System.Threading.Tasks.TaskCanceledException: A task was canceled.<---
 -- System.Threading.Tasks.TaskCanceledException: A task was canceled. 

----------------------------------------------------------------------------
 
2021-08-08 10:45:38.3036 INFO -- SaveTankerPermit - Request: {"PlateNo":"TF-6242","transporterBrand":"12","transporterProductionYear":"44","licenseNo":"1","licenseExpiryDate":"2021-01-09T00:00:00","entranceDate":"2021-08-03T00:00:00","TankCapacity":12.5,"plateNo_Numbers":"2","plateNo_Characters":"6","TransporterColor":null,"DriverFullNameAR":null,"DriverIDType":null,"DriverMobileNumber":null,"DriverDrivingLicenseNumber":null,"DriverDrivingLicenseExpiryDate":null} --  

----------------------------------------------------------------------------
 
2021-08-08 10:46:08.9774 ERROR -- System.Exception: SaveTankerPermit - COMMIT_FAIL - Bad Request -- System.Exception: SaveTankerPermit - COMMIT_FAIL - Bad Request 

----------------------------------------------------------------------------
 
2021-08-08 10:46:17.9728 INFO -- SaveTankerPermit - Request: {"PlateNo":"TF-6242","transporterBrand":"12","transporterProductionYear":"44","licenseNo":"1","licenseExpiryDate":"2021-01-09T00:00:00","entranceDate":"2021-08-03T00:00:00","TankCapacity":12.5,"plateNo_Numbers":"2","plateNo_Characters":"6","TransporterColor":null,"DriverFullNameAR":null,"DriverIDType":null,"DriverMobileNumber":null,"DriverDrivingLicenseNumber":null,"DriverDrivingLicenseExpiryDate":null} --  

----------------------------------------------------------------------------
 
2021-08-08 10:50:00.3021 INFO -- SaveTankerPermit - Request: {"PlateNo":"TF-6242","transporterBrand":"12","transporterProductionYear":"44","licenseNo":"1","licenseExpiryDate":"2021-01-09T00:00:00","entranceDate":"2021-08-03T00:00:00","TankCapacity":12.5,"plateNo_Numbers":"2","plateNo_Characters":"6","TransporterColor":null,"DriverFullNameAR":null,"DriverIDType":null,"DriverMobileNumber":null,"DriverDrivingLicenseNumber":null,"DriverDrivingLicenseExpiryDate":null} --  

----------------------------------------------------------------------------
 
2021-08-08 10:50:37.4561 ERROR -- System.Exception: SaveTankerPermit - COMMIT_FAIL - Bad Request -- System.Exception: SaveTankerPermit - COMMIT_FAIL - Bad Request 

----------------------------------------------------------------------------
 
2021-08-08 10:50:45.8687 INFO -- AuthenticateUser - Request: {"ID":"00000000-0000-0000-0000-000000000000","Name":"2258134598","Password":"P@ssw0rd32","StaffID":"00000000-0000-0000-0000-000000000000","SubID":"00000000-0000-0000-0000-000000000000"} --  

----------------------------------------------------------------------------
 
2021-08-08 10:51:41.9389 INFO -- AuthenticateUser - Exception --  

----------------------------------------------------------------------------
 
2021-08-08 10:51:41.9389 ERROR -- System.AggregateException: One or more errors occurred. ---> System.Net.Http.HttpRequestException: An error occurred while sending the request. ---> System.Net.WebException: The underlying connection was closed: An unexpected error occurred on a receive. ---> System.IO.IOException: Unable to read data from the transport connection: An existing connection was forcibly closed by the remote host. ---> System.Net.Sockets.SocketException: An existing connection was forcibly closed by the remote host
   at System.Net.Sockets.Socket.EndReceive(IAsyncResult asyncResult)
   at System.Net.Sockets.NetworkStream.EndRead(IAsyncResult asyncResult)
   --- End of inner exception stack trace ---
   at System.Net.Sockets.NetworkStream.EndRead(IAsyncResult asyncResult)
   at System.Net.PooledStream.EndRead(IAsyncResult asyncResult)
   at System.Net.Connection.ReadCallback(IAsyncResult asyncResult)
   --- End of inner exception stack trace ---
   at System.Net.HttpWebRequest.EndGetResponse(IAsyncResult asyncResult)
   at System.Net.Http.HttpClientHandler.GetResponseCallback(IAsyncResult ar)
   --- End of inner exception stack trace ---
   --- End of inner exception stack trace ---
   at System.Threading.Tasks.Task.ThrowIfExceptional(Boolean includeTaskCanceledExceptions)
   at System.Threading.Tasks.Task.Wait(Int32 millisecondsTimeout, CancellationToken cancellationToken)
   at System.Threading.Tasks.Task.Wait()
   at FromCCBToNWC.API.Controllers.UserController.AuthenticateUser(AccountDTO accountDTO) in G:\SofTec_TMS\SofTec_NWC_CCB_Integration1\ELM_NWC_Integration\Controllers\UserController.cs:line 51
---> (Inner Exception #0) System.Net.Http.HttpRequestException: An error occurred while sending the request. ---> System.Net.WebException: The underlying connection was closed: An unexpected error occurred on a receive. ---> System.IO.IOException: Unable to read data from the transport connection: An existing connection was forcibly closed by the remote host. ---> System.Net.Sockets.SocketException: An existing connection was forcibly closed by the remote host
   at System.Net.Sockets.Socket.EndReceive(IAsyncResult asyncResult)
   at System.Net.Sockets.NetworkStream.EndRead(IAsyncResult asyncResult)
   --- End of inner exception stack trace ---
   at System.Net.Sockets.NetworkStream.EndRead(IAsyncResult asyncResult)
   at System.Net.PooledStream.EndRead(IAsyncResult asyncResult)
   at System.Net.Connection.ReadCallback(IAsyncResult asyncResult)
   --- End of inner exception stack trace ---
   at System.Net.HttpWebRequest.EndGetResponse(IAsyncResult asyncResult)
   at System.Net.Http.HttpClientHandler.GetResponseCallback(IAsyncResult ar)
   --- End of inner exception stack trace ---<---
 -- System.Net.Http.HttpRequestException: An error occurred while sending the request. ---> System.Net.WebException: The underlying connection was closed: An unexpected error occurred on a receive. ---> System.IO.IOException: Unable to read data from the transport connection: An existing connection was forcibly closed by the remote host. ---> System.Net.Sockets.SocketException: An existing connection was forcibly closed by the remote host
   at System.Net.Sockets.Socket.EndReceive(IAsyncResult asyncResult)
   at System.Net.Sockets.NetworkStream.EndRead(IAsyncResult asyncResult)
   --- End of inner exception stack trace ---
   at System.Net.Sockets.NetworkStream.EndRead(IAsyncResult asyncResult)
   at System.Net.PooledStream.EndRead(IAsyncResult asyncResult)
   at System.Net.Connection.ReadCallback(IAsyncResult asyncResult)
   --- End of inner exception stack trace ---
   at System.Net.HttpWebRequest.EndGetResponse(IAsyncResult asyncResult)
   at System.Net.Http.HttpClientHandler.GetResponseCallback(IAsyncResult ar)
   --- End of inner exception stack trace --- 

----------------------------------------------------------------------------
 
2021-08-08 10:59:06.3711 INFO -- AuthenticateUser - Request: {"ID":"00000000-0000-0000-0000-000000000000","Name":"2258134598","Password":"P@ssw0rd32","StaffID":"00000000-0000-0000-0000-000000000000","SubID":"00000000-0000-0000-0000-000000000000"} --  

----------------------------------------------------------------------------
 
2021-08-08 10:59:19.2002 INFO -- AuthenticateUser - Response: {"Token":"fKXdECQcCCcMSxkDt71Ygc4oukmm-rkYYNzfOpGfH23E1oqwPvL5kCrQBZngVY7Jv6qelvlpeekfmRTISu5nIs2_U5Q_IVKK7Z2FpPVHNhW28ndh0X3mGB2W6AOggLDc9Zulrg8lwERNTynhntGWfZVHhyulhE4otJ9CUvAnQxs1uho-MyWRXw_97-ppgV8O","TimeStamp":"2021-08-08T10:59:19.1104598+03:00","Status":0,"Context":{"MobileAccount":null}} --  

----------------------------------------------------------------------------
 
2021-08-08 10:59:33.8848 INFO -- SaveTankerPermit - Request: {"PlateNo":"TF-6242","transporterBrand":"12","transporterProductionYear":"44","licenseNo":"1","licenseExpiryDate":"2021-01-09T00:00:00","entranceDate":"2021-08-03T00:00:00","TankCapacity":12.5,"plateNo_Numbers":"2","plateNo_Characters":"6","TransporterColor":null,"DriverFullNameAR":null,"DriverIDType":null,"DriverMobileNumber":null,"DriverDrivingLicenseNumber":null,"DriverDrivingLicenseExpiryDate":null} --  

----------------------------------------------------------------------------
 
2021-08-08 11:00:33.8442 INFO -- SaveTankerPermit - Response: "71fed9e0-a74b-469c-809c-b6039ebaaa65" --  

----------------------------------------------------------------------------
 
2021-08-08 11:00:59.3218 INFO -- SaveTankerPermit - Exception --  

----------------------------------------------------------------------------
 
2021-08-08 11:00:59.7954 ERROR -- System.NullReferenceException: Object reference not set to an instance of an object.
   at ELM_NWC_Integration.Controllers.TankerController.SaveTankerPermit(TankerDTO TankerDTO) in G:\SofTec_TMS\SofTec_NWC_CCB_Integration1\ELM_NWC_Integration\Controllers\TankerController.cs:line 34 -- System.NullReferenceException: Object reference not set to an instance of an object.
   at ELM_NWC_Integration.Controllers.TankerController.SaveTankerPermit(TankerDTO TankerDTO) in G:\SofTec_TMS\SofTec_NWC_CCB_Integration1\ELM_NWC_Integration\Controllers\TankerController.cs:line 34 

----------------------------------------------------------------------------
 
2021-08-08 11:01:11.5644 INFO -- SaveTankerPermit - Request: {"PlateNo":"TF-6242","transporterBrand":"12","transporterProductionYear":"44","licenseNo":"1","licenseExpiryDate":"2021-01-09T00:00:00","entranceDate":"2021-08-03T00:00:00","TankCapacity":12.5,"plateNo_Numbers":"2","plateNo_Characters":"6","TransporterColor":null,"DriverFullNameAR":null,"DriverIDType":null,"DriverMobileNumber":null,"DriverDrivingLicenseNumber":null,"DriverDrivingLicenseExpiryDate":null} --  

----------------------------------------------------------------------------
 
2021-08-08 11:01:23.0371 ERROR -- System.Exception: SaveTankerPermit - COMMIT_FAIL - Bad Request -- System.Exception: SaveTankerPermit - COMMIT_FAIL - Bad Request 

----------------------------------------------------------------------------
 
2021-08-08 11:01:37.2674 INFO -- SaveTankerPermit - Request: {"PlateNo":"TF-6242","transporterBrand":"12","transporterProductionYear":"44","licenseNo":"1","licenseExpiryDate":"2021-01-09T00:00:00","entranceDate":"2021-08-03T00:00:00","TankCapacity":12.5,"plateNo_Numbers":"2","plateNo_Characters":"6","TransporterColor":null,"DriverFullNameAR":null,"DriverIDType":null,"DriverMobileNumber":null,"DriverDrivingLicenseNumber":null,"DriverDrivingLicenseExpiryDate":null} --  

----------------------------------------------------------------------------
 
2021-08-08 11:01:49.7889 INFO -- SaveTankerPermit - Response: "86ba17f6-703f-4837-989e-6aae3d0594fb" --  

----------------------------------------------------------------------------
 
2021-08-08 11:09:08.0453 INFO -- AuthenticateUser - Request: {"ID":"00000000-0000-0000-0000-000000000000","Name":"2258134598","Password":"P@ssw0rd322","StaffID":"00000000-0000-0000-0000-000000000000","SubID":"00000000-0000-0000-0000-000000000000"} --  

----------------------------------------------------------------------------
 
2021-08-08 11:09:15.5837 INFO -- AuthenticateUser - Response: null --  

----------------------------------------------------------------------------
 
2021-08-08 11:09:21.0319 INFO -- AuthenticateUser - Request: {"ID":"00000000-0000-0000-0000-000000000000","Name":"2258134598","Password":"P@ssw0rd32","StaffID":"00000000-0000-0000-0000-000000000000","SubID":"00000000-0000-0000-0000-000000000000"} --  

----------------------------------------------------------------------------
 
2021-08-08 11:09:29.2804 INFO -- AuthenticateUser - Response: {"Token":"fKXdECQcCCcMSxkDt71Ygc4oukmm-rkYYNzfOpGfH23E1oqwPvL5kCrQBZngVY7Jv6qelvlpeekfmRTISu5nIs2_U5Q_IVKK7Z2FpPVHNhW28ndh0X3mGB2W6AOggLDc9Zulrg8lwERNTynhntGWfVgPN8Kfw-7mo5grPWghXhO5Vjw_fOYI-4MLiCHtv81z","TimeStamp":"2021-08-08T11:09:29.2489836+03:00","Status":0,"Context":{"MobileAccount":null}} --  

----------------------------------------------------------------------------
 
2021-08-08 11:09:33.3875 INFO -- AuthenticateUser - Request: {"ID":"00000000-0000-0000-0000-000000000000","Name":"22581345982","Password":"P@ssw0rd32","StaffID":"00000000-0000-0000-0000-000000000000","SubID":"00000000-0000-0000-0000-000000000000"} --  

----------------------------------------------------------------------------
 
2021-08-08 11:09:33.5445 INFO -- AuthenticateUser - Response: null --  

----------------------------------------------------------------------------
 
2021-08-08 11:09:44.8127 INFO -- AuthenticateUser - Request: {"ID":"00000000-0000-0000-0000-000000000000","Name":"2258134598","Password":"P@ssw0rd32","StaffID":"00000000-0000-0000-0000-000000000000","SubID":"00000000-0000-0000-0000-000000000000"} --  

----------------------------------------------------------------------------
 
2021-08-08 11:09:44.8576 INFO -- AuthenticateUser - Response: {"Token":"fKXdECQcCCcMSxkDt71Ygc4oukmm-rkYYNzfOpGfH23E1oqwPvL5kCrQBZngVY7Jv6qelvlpeekfmRTISu5nIs2_U5Q_IVKK7Z2FpPVHNhW28ndh0X3mGB2W6AOggLDc9Zulrg8lwERNTynhntGWfe8Cbdk9fdyLG7Prw0a8CcCDRuFqvg8kvXCDdBMnrsSI","TimeStamp":"2021-08-08T11:09:44.8546529+03:00","Status":0,"Context":{"MobileAccount":null}} --  

----------------------------------------------------------------------------
 
2021-08-08 11:35:57.7980 INFO -- TankerAccessDTO - Request: null --  

----------------------------------------------------------------------------
 
2021-08-08 11:36:02.1307 INFO -- TankerAccessAuthorization - Exception --  

----------------------------------------------------------------------------
 
2021-08-08 11:36:02.1467 ERROR -- System.AggregateException: One or more errors occurred. ---> System.Net.Http.HttpRequestException: An error occurred while sending the request. ---> System.Net.WebException: Unable to connect to the remote server ---> System.Net.Sockets.SocketException: No connection could be made because the target machine actively refused it 127.0.0.1:7335
   at System.Net.Sockets.Socket.InternalEndConnect(IAsyncResult asyncResult)
   at System.Net.Sockets.Socket.EndConnect(IAsyncResult asyncResult)
   at System.Net.ServicePoint.ConnectSocketInternal(Boolean connectFailure, Socket s4, Socket s6, Socket& socket, IPAddress& address, ConnectSocketState state, IAsyncResult asyncResult, Exception& exception)
   --- End of inner exception stack trace ---
   at System.Net.HttpWebRequest.EndGetRequestStream(IAsyncResult asyncResult, TransportContext& context)
   at System.Net.Http.HttpClientHandler.GetRequestStreamCallback(IAsyncResult ar)
   --- End of inner exception stack trace ---
   --- End of inner exception stack trace ---
   at System.Threading.Tasks.Task.ThrowIfExceptional(Boolean includeTaskCanceledExceptions)
   at System.Threading.Tasks.Task.Wait(Int32 millisecondsTimeout, CancellationToken cancellationToken)
   at System.Threading.Tasks.Task.Wait()
   at ELM_NWC_Integration.Controllers.TankerController.TankerAccessAuthorization(TankerAccessDTO TankerDTO) in G:\SofTec_TMS\SofTec_NWC_CCB_Integration1\ELM_NWC_Integration\Controllers\TankerController.cs:line 122
---> (Inner Exception #0) System.Net.Http.HttpRequestException: An error occurred while sending the request. ---> System.Net.WebException: Unable to connect to the remote server ---> System.Net.Sockets.SocketException: No connection could be made because the target machine actively refused it 127.0.0.1:7335
   at System.Net.Sockets.Socket.InternalEndConnect(IAsyncResult asyncResult)
   at System.Net.Sockets.Socket.EndConnect(IAsyncResult asyncResult)
   at System.Net.ServicePoint.ConnectSocketInternal(Boolean connectFailure, Socket s4, Socket s6, Socket& socket, IPAddress& address, ConnectSocketState state, IAsyncResult asyncResult, Exception& exception)
   --- End of inner exception stack trace ---
   at System.Net.HttpWebRequest.EndGetRequestStream(IAsyncResult asyncResult, TransportContext& context)
   at System.Net.Http.HttpClientHandler.GetRequestStreamCallback(IAsyncResult ar)
   --- End of inner exception stack trace ---<---
 -- System.Net.Http.HttpRequestException: An error occurred while sending the request. ---> System.Net.WebException: Unable to connect to the remote server ---> System.Net.Sockets.SocketException: No connection could be made because the target machine actively refused it 127.0.0.1:7335
   at System.Net.Sockets.Socket.InternalEndConnect(IAsyncResult asyncResult)
   at System.Net.Sockets.Socket.EndConnect(IAsyncResult asyncResult)
   at System.Net.ServicePoint.ConnectSocketInternal(Boolean connectFailure, Socket s4, Socket s6, Socket& socket, IPAddress& address, ConnectSocketState state, IAsyncResult asyncResult, Exception& exception)
   --- End of inner exception stack trace ---
   at System.Net.HttpWebRequest.EndGetRequestStream(IAsyncResult asyncResult, TransportContext& context)
   at System.Net.Http.HttpClientHandler.GetRequestStreamCallback(IAsyncResult ar)
   --- End of inner exception stack trace --- 

----------------------------------------------------------------------------
 
2021-08-08 11:36:26.1991 INFO -- TankerAccessDTO - Request: {"PlateNo":"TF-6242","permitNo":"d4eadcd8-e9a7-4786-a24d-a692976c499b","TransactionId":null,"DateTime":"2021-08-08T00:00:00","Status":false,"Reason":"","token":null} --  

----------------------------------------------------------------------------
 
2021-08-08 11:36:30.4513 INFO -- TankerAccessAuthorization - Exception --  

----------------------------------------------------------------------------
 
2021-08-08 11:36:30.4513 ERROR -- System.AggregateException: One or more errors occurred. ---> System.Net.Http.HttpRequestException: An error occurred while sending the request. ---> System.Net.WebException: Unable to connect to the remote server ---> System.Net.Sockets.SocketException: No connection could be made because the target machine actively refused it 127.0.0.1:7335
   at System.Net.Sockets.Socket.InternalEndConnect(IAsyncResult asyncResult)
   at System.Net.Sockets.Socket.EndConnect(IAsyncResult asyncResult)
   at System.Net.ServicePoint.ConnectSocketInternal(Boolean connectFailure, Socket s4, Socket s6, Socket& socket, IPAddress& address, ConnectSocketState state, IAsyncResult asyncResult, Exception& exception)
   --- End of inner exception stack trace ---
   at System.Net.HttpWebRequest.EndGetRequestStream(IAsyncResult asyncResult, TransportContext& context)
   at System.Net.Http.HttpClientHandler.GetRequestStreamCallback(IAsyncResult ar)
   --- End of inner exception stack trace ---
   --- End of inner exception stack trace ---
   at System.Threading.Tasks.Task.ThrowIfExceptional(Boolean includeTaskCanceledExceptions)
   at System.Threading.Tasks.Task.Wait(Int32 millisecondsTimeout, CancellationToken cancellationToken)
   at System.Threading.Tasks.Task.Wait()
   at ELM_NWC_Integration.Controllers.TankerController.TankerAccessAuthorization(TankerAccessDTO TankerDTO) in G:\SofTec_TMS\SofTec_NWC_CCB_Integration1\ELM_NWC_Integration\Controllers\TankerController.cs:line 122
---> (Inner Exception #0) System.Net.Http.HttpRequestException: An error occurred while sending the request. ---> System.Net.WebException: Unable to connect to the remote server ---> System.Net.Sockets.SocketException: No connection could be made because the target machine actively refused it 127.0.0.1:7335
   at System.Net.Sockets.Socket.InternalEndConnect(IAsyncResult asyncResult)
   at System.Net.Sockets.Socket.EndConnect(IAsyncResult asyncResult)
   at System.Net.ServicePoint.ConnectSocketInternal(Boolean connectFailure, Socket s4, Socket s6, Socket& socket, IPAddress& address, ConnectSocketState state, IAsyncResult asyncResult, Exception& exception)
   --- End of inner exception stack trace ---
   at System.Net.HttpWebRequest.EndGetRequestStream(IAsyncResult asyncResult, TransportContext& context)
   at System.Net.Http.HttpClientHandler.GetRequestStreamCallback(IAsyncResult ar)
   --- End of inner exception stack trace ---<---
 -- System.Net.Http.HttpRequestException: An error occurred while sending the request. ---> System.Net.WebException: Unable to connect to the remote server ---> System.Net.Sockets.SocketException: No connection could be made because the target machine actively refused it 127.0.0.1:7335
   at System.Net.Sockets.Socket.InternalEndConnect(IAsyncResult asyncResult)
   at System.Net.Sockets.Socket.EndConnect(IAsyncResult asyncResult)
   at System.Net.ServicePoint.ConnectSocketInternal(Boolean connectFailure, Socket s4, Socket s6, Socket& socket, IPAddress& address, ConnectSocketState state, IAsyncResult asyncResult, Exception& exception)
   --- End of inner exception stack trace ---
   at System.Net.HttpWebRequest.EndGetRequestStream(IAsyncResult asyncResult, TransportContext& context)
   at System.Net.Http.HttpClientHandler.GetRequestStreamCallback(IAsyncResult ar)
   --- End of inner exception stack trace --- 

----------------------------------------------------------------------------
 
2021-08-08 11:40:24.3212 INFO -- TankerAccessDTO - Request: {"PlateNo":"TF-6242","permitNo":"d4eadcd8-e9a7-4786-a24d-a692976c499b","TransactionId":null,"DateTime":"2021-08-08T00:00:00","Status":false,"Reason":"","token":null} --  

----------------------------------------------------------------------------
 
2021-08-08 11:40:27.8745 ERROR -- System.Exception: SaveTankerPermit - Sending wrong, expired or invalid authentication token. -- System.Exception: SaveTankerPermit - Sending wrong, expired or invalid authentication token. 

----------------------------------------------------------------------------
 
2021-08-08 11:40:43.0795 INFO -- AuthenticateUser - Request: {"ID":"00000000-0000-0000-0000-000000000000","Name":"2258134598","Password":"P@ssw0rd32","StaffID":"00000000-0000-0000-0000-000000000000","SubID":"00000000-0000-0000-0000-000000000000"} --  

----------------------------------------------------------------------------
 
2021-08-08 11:40:50.3168 INFO -- AuthenticateUser - Response: {"Token":"fKXdECQcCCcMSxkDt71Ygc4oukmm-rkYYNzfOpGfH23E1oqwPvL5kCrQBZngVY7Jv6qelvlpeekfmRTISu5nIs2_U5Q_IVKK7Z2FpPVHNhW28ndh0X3mGB2W6AOggLDc9Zulrg8lwERNTynhntGWfbAbHqn6N8ksdge2gEPUYCU4R77Da5AKsuVHDGd87NTG","TimeStamp":"2021-08-08T11:40:50.2350901+03:00","Status":0,"Context":{"MobileAccount":null}} --  

----------------------------------------------------------------------------
 
2021-08-08 11:40:58.6629 INFO -- TankerAccessDTO - Request: {"PlateNo":"TF-6242","permitNo":"d4eadcd8-e9a7-4786-a24d-a692976c499b","TransactionId":null,"DateTime":"2021-08-08T00:00:00","Status":false,"Reason":"","token":null} --  

----------------------------------------------------------------------------
 
2021-08-08 11:41:00.0069 INFO -- TankerAccessAuthorization - Response: null --  

----------------------------------------------------------------------------
 
2021-08-08 11:41:26.7647 INFO -- TankerAccessDTO - Request: {"PlateNo":"TF-6242","permitNo":"86ba17f6-703f-4837-989e-6aae3d0594fb","TransactionId":null,"DateTime":"2021-08-08T00:00:00","Status":false,"Reason":"","token":null} --  

----------------------------------------------------------------------------
 
2021-08-08 11:41:27.7087 INFO -- TankerAccessAuthorization - Response: null --  

----------------------------------------------------------------------------
 
2021-08-08 11:42:46.5528 INFO -- TankerAccessDTO - Request: {"PlateNo":"TF-6242","permitNo":"86ba17f6-703f-4837-989e-6aae3d0594fb","TransactionId":null,"DateTime":"2021-08-08T00:00:00","Status":false,"Reason":"","token":null} --  

----------------------------------------------------------------------------
 
2021-08-08 11:42:48.6594 INFO -- TankerAccessAuthorization - Response: {"TransactionId":"21f9d04c-2eec-4fda-bf65-810ee6fceafc","permitNo":"86ba17f6-703f-4837-989e-6aae3d0594fb","plateNo":"TF-6242","CreationTime":"2021-08-08T11:42:48.5523307+03:00","Status":false,"Reason":null} --  

----------------------------------------------------------------------------
 
2021-08-08 11:51:22.1954 INFO -- TankerAccessDTO - Request: {"PlateNo":"TF-6242","permitNo":"86ba17f6-703f-4837-989e-6aae3d0594fb","TransactionId":null,"DateTime":"2021-08-08T00:00:00","Status":false,"Reason":"","token":null} --  

----------------------------------------------------------------------------
 
2021-08-08 11:51:24.6505 INFO -- TankerAccessAuthorization - Response: {"TransactionId":"ca809f3a-7de0-4f46-8200-b267366108f9","permitNo":"86ba17f6-703f-4837-989e-6aae3d0594fb","plateNo":"TF-6242","CreationTime":"2021-08-08T11:51:24.47992+03:00","DateTime":"2021-08-08T00:00:00","Status":false,"Reason":null} --  

----------------------------------------------------------------------------
 
2021-08-08 11:51:45.9311 INFO -- AuthenticateUser - Exception --  

----------------------------------------------------------------------------
 
2021-08-08 11:51:45.9381 ERROR -- System.NullReferenceException: Object reference not set to an instance of an object.
   at ELM_NWC_Integration.Controllers.TankerController.TankerCheckStatus(TankerAccessDTO TankerDTO) in G:\SofTec_TMS\SofTec_NWC_CCB_Integration1\ELM_NWC_Integration\Controllers\TankerController.cs:line 168 -- System.NullReferenceException: Object reference not set to an instance of an object.
   at ELM_NWC_Integration.Controllers.TankerController.TankerCheckStatus(TankerAccessDTO TankerDTO) in G:\SofTec_TMS\SofTec_NWC_CCB_Integration1\ELM_NWC_Integration\Controllers\TankerController.cs:line 168 

----------------------------------------------------------------------------
 
2021-08-08 11:52:14.1199 INFO -- TankerAccessDTO - Request: {"PlateNo":"TF-6242","permitNo":"d4eadcd8-e9a7-4786-a24d-a692976c499b","TransactionId":null,"DateTime":"0001-01-01T00:00:00","Status":false,"Reason":"cancelled","token":null} --  

----------------------------------------------------------------------------
 
2021-08-08 11:52:15.1961 INFO -- TankerCheckStatus - Response: null --  

----------------------------------------------------------------------------
 
2021-08-08 11:52:36.5604 INFO -- TankerAccessDTO - Request: {"PlateNo":"TF-6242","permitNo":"86ba17f6-703f-4837-989e-6aae3d0594fb","TransactionId":null,"DateTime":"0001-01-01T00:00:00","Status":false,"Reason":"cancelled","token":null} --  

----------------------------------------------------------------------------
 
2021-08-08 11:52:54.7367 INFO -- TankerCheckStatus - Response: null --  

----------------------------------------------------------------------------
 
2021-08-08 11:53:27.8181 INFO -- TankerAccessDTO - Request: {"PlateNo":"TF-6242","permitNo":"86ba17f6-703f-4837-989e-6aae3d0594fb","TransactionId":null,"DateTime":"2021-08-08T00:00:00","Status":false,"Reason":"cancelled","token":null} --  

----------------------------------------------------------------------------
 
2021-08-08 11:53:28.9542 INFO -- TankerCheckStatus - Response: null --  

----------------------------------------------------------------------------
 
2021-08-08 11:54:03.7536 INFO -- TankerAccessDTO - Request: {"PlateNo":"TF-6242","permitNo":"86ba17f6-703f-4837-989e-6aae3d0594fb","TransactionId":null,"DateTime":"0001-01-01T00:00:00","Status":false,"Reason":"cancelled","token":null} --  

----------------------------------------------------------------------------
 
2021-08-08 11:54:51.1854 INFO -- TankerCheckStatus - Response: null --  

----------------------------------------------------------------------------
 
2021-08-08 11:54:59.8433 INFO -- TankerAccessDTO - Request: {"PlateNo":"TF-6242","permitNo":"86ba17f6-703f-4837-989e-6aae3d0594fb","TransactionId":null,"DateTime":"0001-01-01T00:00:00","Status":false,"Reason":"cancelled","token":null} --  

----------------------------------------------------------------------------
 
2021-08-08 11:55:34.6829 INFO -- AuthenticateUser - Exception --  

----------------------------------------------------------------------------
 
2021-08-08 11:55:34.6829 ERROR -- System.AggregateException: One or more errors occurred. ---> System.Net.Http.HttpRequestException: An error occurred while sending the request. ---> System.Net.WebException: The underlying connection was closed: An unexpected error occurred on a receive. ---> System.IO.IOException: Unable to read data from the transport connection: An existing connection was forcibly closed by the remote host. ---> System.Net.Sockets.SocketException: An existing connection was forcibly closed by the remote host
   at System.Net.Sockets.Socket.EndReceive(IAsyncResult asyncResult)
   at System.Net.Sockets.NetworkStream.EndRead(IAsyncResult asyncResult)
   --- End of inner exception stack trace ---
   at System.Net.Sockets.NetworkStream.EndRead(IAsyncResult asyncResult)
   at System.Net.PooledStream.EndRead(IAsyncResult asyncResult)
   at System.Net.Connection.ReadCallback(IAsyncResult asyncResult)
   --- End of inner exception stack trace ---
   at System.Net.HttpWebRequest.EndGetResponse(IAsyncResult asyncResult)
   at System.Net.Http.HttpClientHandler.GetResponseCallback(IAsyncResult ar)
   --- End of inner exception stack trace ---
   --- End of inner exception stack trace ---
   at System.Threading.Tasks.Task.ThrowIfExceptional(Boolean includeTaskCanceledExceptions)
   at System.Threading.Tasks.Task.Wait(Int32 millisecondsTimeout, CancellationToken cancellationToken)
   at System.Threading.Tasks.Task.Wait()
   at ELM_NWC_Integration.Controllers.TankerController.TankerCheckStatus(TankerAccessDTO TankerDTO) in G:\SofTec_TMS\SofTec_NWC_CCB_Integration1\ELM_NWC_Integration\Controllers\TankerController.cs:line 189
---> (Inner Exception #0) System.Net.Http.HttpRequestException: An error occurred while sending the request. ---> System.Net.WebException: The underlying connection was closed: An unexpected error occurred on a receive. ---> System.IO.IOException: Unable to read data from the transport connection: An existing connection was forcibly closed by the remote host. ---> System.Net.Sockets.SocketException: An existing connection was forcibly closed by the remote host
   at System.Net.Sockets.Socket.EndReceive(IAsyncResult asyncResult)
   at System.Net.Sockets.NetworkStream.EndRead(IAsyncResult asyncResult)
   --- End of inner exception stack trace ---
   at System.Net.Sockets.NetworkStream.EndRead(IAsyncResult asyncResult)
   at System.Net.PooledStream.EndRead(IAsyncResult asyncResult)
   at System.Net.Connection.ReadCallback(IAsyncResult asyncResult)
   --- End of inner exception stack trace ---
   at System.Net.HttpWebRequest.EndGetResponse(IAsyncResult asyncResult)
   at System.Net.Http.HttpClientHandler.GetResponseCallback(IAsyncResult ar)
   --- End of inner exception stack trace ---<---
 -- System.Net.Http.HttpRequestException: An error occurred while sending the request. ---> System.Net.WebException: The underlying connection was closed: An unexpected error occurred on a receive. ---> System.IO.IOException: Unable to read data from the transport connection: An existing connection was forcibly closed by the remote host. ---> System.Net.Sockets.SocketException: An existing connection was forcibly closed by the remote host
   at System.Net.Sockets.Socket.EndReceive(IAsyncResult asyncResult)
   at System.Net.Sockets.NetworkStream.EndRead(IAsyncResult asyncResult)
   --- End of inner exception stack trace ---
   at System.Net.Sockets.NetworkStream.EndRead(IAsyncResult asyncResult)
   at System.Net.PooledStream.EndRead(IAsyncResult asyncResult)
   at System.Net.Connection.ReadCallback(IAsyncResult asyncResult)
   --- End of inner exception stack trace ---
   at System.Net.HttpWebRequest.EndGetResponse(IAsyncResult asyncResult)
   at System.Net.Http.HttpClientHandler.GetResponseCallback(IAsyncResult ar)
   --- End of inner exception stack trace --- 

----------------------------------------------------------------------------
 
2021-08-08 11:57:32.0942 INFO -- TankerAccessDTO - Request: {"PlateNo":"TF-6242","permitNo":"86ba17f6-703f-4837-989e-6aae3d0594fb","TransactionId":null,"DateTime":"0001-01-01T00:00:00","Status":false,"Reason":"cancelled","token":null} --  

----------------------------------------------------------------------------
 
2021-08-08 11:57:59.4190 INFO -- TankerCheckStatus - Response: null --  

----------------------------------------------------------------------------
 
2021-08-08 11:58:14.9246 INFO -- TankerAccessDTO - Request: {"PlateNo":"TF-6242","permitNo":"86ba17f6-703f-4837-989e-6aae3d0594fb","TransactionId":null,"DateTime":"2021-08-07T00:00:00","Status":false,"Reason":"cancelled","token":null} --  

----------------------------------------------------------------------------
 
2021-08-08 11:58:21.6700 INFO -- AuthenticateUser - Exception --  

----------------------------------------------------------------------------
 
2021-08-08 11:58:21.6700 ERROR -- System.AggregateException: One or more errors occurred. ---> System.Net.Http.HttpRequestException: An error occurred while sending the request. ---> System.Net.WebException: The underlying connection was closed: An unexpected error occurred on a receive. ---> System.IO.IOException: Unable to read data from the transport connection: An existing connection was forcibly closed by the remote host. ---> System.Net.Sockets.SocketException: An existing connection was forcibly closed by the remote host
   at System.Net.Sockets.Socket.EndReceive(IAsyncResult asyncResult)
   at System.Net.Sockets.NetworkStream.EndRead(IAsyncResult asyncResult)
   --- End of inner exception stack trace ---
   at System.Net.Sockets.NetworkStream.EndRead(IAsyncResult asyncResult)
   at System.Net.PooledStream.EndRead(IAsyncResult asyncResult)
   at System.Net.Connection.ReadCallback(IAsyncResult asyncResult)
   --- End of inner exception stack trace ---
   at System.Net.HttpWebRequest.EndGetResponse(IAsyncResult asyncResult)
   at System.Net.Http.HttpClientHandler.GetResponseCallback(IAsyncResult ar)
   --- End of inner exception stack trace ---
   --- End of inner exception stack trace ---
   at System.Threading.Tasks.Task.ThrowIfExceptional(Boolean includeTaskCanceledExceptions)
   at System.Threading.Tasks.Task.Wait(Int32 millisecondsTimeout, CancellationToken cancellationToken)
   at System.Threading.Tasks.Task.Wait()
   at ELM_NWC_Integration.Controllers.TankerController.TankerCheckStatus(TankerAccessDTO TankerDTO) in G:\SofTec_TMS\SofTec_NWC_CCB_Integration1\ELM_NWC_Integration\Controllers\TankerController.cs:line 189
---> (Inner Exception #0) System.Net.Http.HttpRequestException: An error occurred while sending the request. ---> System.Net.WebException: The underlying connection was closed: An unexpected error occurred on a receive. ---> System.IO.IOException: Unable to read data from the transport connection: An existing connection was forcibly closed by the remote host. ---> System.Net.Sockets.SocketException: An existing connection was forcibly closed by the remote host
   at System.Net.Sockets.Socket.EndReceive(IAsyncResult asyncResult)
   at System.Net.Sockets.NetworkStream.EndRead(IAsyncResult asyncResult)
   --- End of inner exception stack trace ---
   at System.Net.Sockets.NetworkStream.EndRead(IAsyncResult asyncResult)
   at System.Net.PooledStream.EndRead(IAsyncResult asyncResult)
   at System.Net.Connection.ReadCallback(IAsyncResult asyncResult)
   --- End of inner exception stack trace ---
   at System.Net.HttpWebRequest.EndGetResponse(IAsyncResult asyncResult)
   at System.Net.Http.HttpClientHandler.GetResponseCallback(IAsyncResult ar)
   --- End of inner exception stack trace ---<---
 -- System.Net.Http.HttpRequestException: An error occurred while sending the request. ---> System.Net.WebException: The underlying connection was closed: An unexpected error occurred on a receive. ---> System.IO.IOException: Unable to read data from the transport connection: An existing connection was forcibly closed by the remote host. ---> System.Net.Sockets.SocketException: An existing connection was forcibly closed by the remote host
   at System.Net.Sockets.Socket.EndReceive(IAsyncResult asyncResult)
   at System.Net.Sockets.NetworkStream.EndRead(IAsyncResult asyncResult)
   --- End of inner exception stack trace ---
   at System.Net.Sockets.NetworkStream.EndRead(IAsyncResult asyncResult)
   at System.Net.PooledStream.EndRead(IAsyncResult asyncResult)
   at System.Net.Connection.ReadCallback(IAsyncResult asyncResult)
   --- End of inner exception stack trace ---
   at System.Net.HttpWebRequest.EndGetResponse(IAsyncResult asyncResult)
   at System.Net.Http.HttpClientHandler.GetResponseCallback(IAsyncResult ar)
   --- End of inner exception stack trace --- 

----------------------------------------------------------------------------
 
2021-08-08 12:01:29.1228 INFO -- TankerAccessDTO - Request: {"PlateNo":"TF-6242","permitNo":"86ba17f6-703f-4837-989e-6aae3d0594fb","TransactionId":null,"DateTime":"2021-08-07T00:00:00","Status":false,"Reason":"cancelled","token":null} --  

----------------------------------------------------------------------------
 
2021-08-08 12:01:36.4065 INFO -- TankerCheckStatus - Response: null --  

----------------------------------------------------------------------------
 
2021-08-08 12:01:47.9701 INFO -- TankerAccessDTO - Request: {"PlateNo":"TF-6242","permitNo":"86ba17f6-703f-4837-989e-6aae3d0594fb","TransactionId":null,"DateTime":"0001-01-01T00:00:00","Status":false,"Reason":"cancelled","token":null} --  

----------------------------------------------------------------------------
 
2021-08-08 12:02:02.0448 INFO -- TankerCheckStatus - Response: null --  

----------------------------------------------------------------------------
 
