2021-09-01 12:22:58.9748 INFO -- AuthenticateUser - Request: {"ID":"00000000-0000-0000-0000-000000000000","UserName":"2258134598","Password":"P@ssw0rd32","StaffID":"00000000-0000-0000-0000-000000000000","SubID":"00000000-0000-0000-0000-000000000000"} --  

----------------------------------------------------------------------------
 
2021-09-01 12:23:05.1214 INFO -- AuthenticateUser - Response: {"Token":"fKXdECQcCCcMSxkDt71Ygc4oukmm-rkYYNzfOpGfH23E1oqwPvL5kCrQBZngVY7Jv6qelvlpeekfmRTISu5nIs2_U5Q_IVKK7Z2FpPVHNhW28ndh0X3mGB2W6AOggLDc9Zulrg8lwERNTynhntGWfW391LtvP7pex1wgED1suTwZ1bSEgqBJfTKPQXLK8dbN","TimeStamp":"2021-09-01T12:23:04.9744129+03:00"} --  

----------------------------------------------------------------------------
 
2021-09-01 12:28:50.6155 INFO -- SaveTankerPermit - Request: {"PlateNo":"ب أ أ 939","transporterBrand":"Nissan","transporterProductionYear":"2015","licenseNo":"98557766","licenseExpiryDate":"2023-04-06T00:00:00","entranceDate":"2021-08-19T16:18:23.377","TankCapacity":5.0,"plateNo_Numbers":"7788","plateNo_Characters":"ط ل ل","TransporterColor":null,"Drivers":[{"DriverFullNameAR":"saed3","DriverIDType":"2","DriverIDValue":"2009667516","DriverMobileNumber":"0567251284","DriverDrivingLicenseNumber":"15","DriverDrivingLicenseExpiryDate":"19/08/2020"}],"PermitVersion":"v1.0","PermitIssue":"32","PermitExpiration":"2022-08-19T00:00:00"} --  

----------------------------------------------------------------------------
 
2021-09-01 12:28:50.8858 ERROR -- System.Exception: SaveTankerPermit - Sending wrong, expired or invalid authentication token. -- System.Exception: SaveTankerPermit - Sending wrong, expired or invalid authentication token. 

----------------------------------------------------------------------------
 
2021-09-01 12:29:02.0562 INFO -- SaveTankerPermit - Request: {"PlateNo":"ب أ أ 939","transporterBrand":"Nissan","transporterProductionYear":"2015","licenseNo":"98557766","licenseExpiryDate":"2023-04-06T00:00:00","entranceDate":"2021-08-19T16:18:23.377","TankCapacity":5.0,"plateNo_Numbers":"7788","plateNo_Characters":"ط ل ل","TransporterColor":null,"Drivers":[{"DriverFullNameAR":"saed3","DriverIDType":"2","DriverIDValue":"2009667516","DriverMobileNumber":"0567251284","DriverDrivingLicenseNumber":"15","DriverDrivingLicenseExpiryDate":"19/08/2020"}],"PermitVersion":"v1.0","PermitIssue":"32","PermitExpiration":"2022-08-19T00:00:00"} --  

----------------------------------------------------------------------------
 
2021-09-01 12:29:02.1570 ERROR -- System.Exception: SaveTankerPermit - Sending wrong, expired or invalid authentication token. -- System.Exception: SaveTankerPermit - Sending wrong, expired or invalid authentication token. 

----------------------------------------------------------------------------
 
2021-09-01 12:29:08.1459 INFO -- AuthenticateUser - Request: {"ID":"00000000-0000-0000-0000-000000000000","UserName":"2258134598","Password":"P@ssw0rd32","StaffID":"00000000-0000-0000-0000-000000000000","SubID":"00000000-0000-0000-0000-000000000000"} --  

----------------------------------------------------------------------------
 
2021-09-01 12:29:08.4564 INFO -- AuthenticateUser - Response: {"Token":"fKXdECQcCCcMSxkDt71Ygc4oukmm-rkYYNzfOpGfH23E1oqwPvL5kCrQBZngVY7Jv6qelvlpeekfmRTISu5nIs2_U5Q_IVKK7Z2FpPVHNhW28ndh0X3mGB2W6AOggLDc9Zulrg8lwERNTynhntGWffQQAtvPhL9myqw_GWIE_DkPSAZ3DoiBBiyrMhKX_zv2","TimeStamp":"2021-09-01T12:29:08.4504399+03:00"} --  

----------------------------------------------------------------------------
 
2021-09-01 12:29:17.4135 INFO -- SaveTankerPermit - Request: {"PlateNo":"ب أ أ 939","transporterBrand":"Nissan","transporterProductionYear":"2015","licenseNo":"98557766","licenseExpiryDate":"2023-04-06T00:00:00","entranceDate":"2021-08-19T16:18:23.377","TankCapacity":5.0,"plateNo_Numbers":"7788","plateNo_Characters":"ط ل ل","TransporterColor":null,"Drivers":[{"DriverFullNameAR":"saed3","DriverIDType":"2","DriverIDValue":"2009667516","DriverMobileNumber":"0567251284","DriverDrivingLicenseNumber":"15","DriverDrivingLicenseExpiryDate":"19/08/2020"}],"PermitVersion":"v1.0","PermitIssue":"32","PermitExpiration":"2022-08-19T00:00:00"} --  

----------------------------------------------------------------------------
 
2021-09-01 12:29:17.4986 ERROR -- System.Exception: SaveTankerPermit - Sending wrong, expired or invalid authentication token. -- System.Exception: SaveTankerPermit - Sending wrong, expired or invalid authentication token. 

----------------------------------------------------------------------------
 
2021-09-01 12:30:09.8421 INFO -- SaveTankerPermit - Request: {"PlateNo":"ب أ أ 939","transporterBrand":"Nissan","transporterProductionYear":"2015","licenseNo":"98557766","licenseExpiryDate":"2023-04-06T00:00:00","entranceDate":"2021-08-19T16:18:23.377","TankCapacity":5.0,"plateNo_Numbers":"7788","plateNo_Characters":"ط ل ل","TransporterColor":null,"Drivers":[{"DriverFullNameAR":"saed3","DriverIDType":"2","DriverIDValue":"2009667516","DriverMobileNumber":"0567251284","DriverDrivingLicenseNumber":"15","DriverDrivingLicenseExpiryDate":"19/08/2020"}],"PermitVersion":"v1.0","PermitIssue":"32","PermitExpiration":"2022-08-19T00:00:00"} --  

----------------------------------------------------------------------------
 
2021-09-01 12:30:09.9426 ERROR -- System.Exception: SaveTankerPermit - Sending wrong, expired or invalid authentication token. -- System.Exception: SaveTankerPermit - Sending wrong, expired or invalid authentication token. 

----------------------------------------------------------------------------
 
2021-09-01 12:32:53.6496 INFO -- AuthenticateUser - Request: {"ID":"00000000-0000-0000-0000-000000000000","UserName":"2258134598","Password":"P@ssw0rd32","StaffID":"00000000-0000-0000-0000-000000000000","SubID":"00000000-0000-0000-0000-000000000000"} --  

----------------------------------------------------------------------------
 
2021-09-01 12:33:01.3108 INFO -- AuthenticateUser - Response: {"Token":"fKXdECQcCCcMSxkDt71Ygc4oukmm-rkYYNzfOpGfH23E1oqwPvL5kCrQBZngVY7Jv6qelvlpeekfmRTISu5nIs2_U5Q_IVKK7Z2FpPVHNhW28ndh0X3mGB2W6AOggLDc9Zulrg8lwERNTynhntGWfcriymK1QK09ZOCGRmeex0B9clasDFHSBCIi9uS5zbDP","TimeStamp":"2021-09-01T12:33:01.1900649+03:00"} --  

----------------------------------------------------------------------------
 
2021-09-01 12:33:13.9444 INFO -- SaveTankerPermit - Request: {"PlateNo":"ب أ أ 939","transporterBrand":"Nissan","transporterProductionYear":"2015","licenseNo":"98557766","licenseExpiryDate":"2023-04-06T00:00:00","entranceDate":"2021-08-19T16:18:23.377","TankCapacity":5.0,"plateNo_Numbers":"7788","plateNo_Characters":"ط ل ل","TransporterColor":null,"Drivers":[{"DriverFullNameAR":"saed3","DriverIDType":"2","DriverIDValue":"2009667516","DriverMobileNumber":"0567251284","DriverDrivingLicenseNumber":"15","DriverDrivingLicenseExpiryDate":"19/08/2020"}],"PermitVersion":"v1.0","PermitIssue":"32","PermitExpiration":"2022-08-19T00:00:00"} --  

----------------------------------------------------------------------------
 
2021-09-01 12:33:37.2782 INFO -- SaveTankerPermit - Response: null --  

----------------------------------------------------------------------------
 
2021-09-01 12:34:59.7889 INFO -- SaveTankerPermit - Request: {"PlateNo":"ب أ أ 939","transporterBrand":"Nissan","transporterProductionYear":"2015","licenseNo":"98557766","licenseExpiryDate":"2023-04-06T00:00:00","entranceDate":"2021-08-19T16:18:23.377","TankCapacity":5.0,"plateNo_Numbers":"7788","plateNo_Characters":"ط ل ل","TransporterColor":null,"Drivers":[{"DriverFullNameAR":"saed3","DriverIDType":"2","DriverIDValue":"2009667516","DriverMobileNumber":"0567251284","DriverDrivingLicenseNumber":"15","DriverDrivingLicenseExpiryDate":"19/08/2020"}],"PermitVersion":"v1.0","PermitIssue":"32","PermitExpiration":"2022-08-19T00:00:00"} --  

----------------------------------------------------------------------------
 
2021-09-01 12:35:26.0474 INFO -- SaveTankerPermit - Response: "a38a4311-ec11-432f-9435-215ff2f516d6" --  

----------------------------------------------------------------------------
 
2021-09-01 12:46:34.9916 INFO -- SaveTankerPermit - Request: {"PlateNo":"ب أ أ 939","transporterBrand":"Nissan","transporterProductionYear":"2015","licenseNo":"98557766","licenseExpiryDate":"2023-04-06T00:00:00","entranceDate":"2021-08-19T16:18:23.377","TankCapacity":5.0,"plateNo_Numbers":"7788","plateNo_Characters":"ط ل ل","TransporterColor":null,"Drivers":[{"DriverFullNameAR":"saed3","DriverIDType":"2","DriverIDValue":"2009667516","DriverMobileNumber":"0567251284","DriverDrivingLicenseNumber":"15","DriverDrivingLicenseExpiryDate":"19/08/2020"}],"PermitVersion":"v1.0","PermitIssue":"32","PermitExpiration":"2022-08-19T00:00:00"} --  

----------------------------------------------------------------------------
 
2021-09-01 12:46:40.0206 INFO -- SaveTankerPermit - Response: "a38a4311-ec11-432f-9435-215ff2f516d6" --  

----------------------------------------------------------------------------
 
2021-09-01 12:47:01.4350 INFO -- SaveTankerPermit - Request: {"PlateNo":"ب أ أ 939","transporterBrand":"Nissan","transporterProductionYear":"2015","licenseNo":"98557766","licenseExpiryDate":"2023-04-06T00:00:00","entranceDate":"2021-08-19T16:18:23.377","TankCapacity":5.0,"plateNo_Numbers":"7788","plateNo_Characters":"ط ل ل","TransporterColor":null,"Drivers":[{"DriverFullNameAR":"saed3","DriverIDType":"2","DriverIDValue":"2009667516","DriverMobileNumber":"0567251284","DriverDrivingLicenseNumber":"15","DriverDrivingLicenseExpiryDate":"19/08/2020"}],"PermitVersion":"v2.0","PermitIssue":"32","PermitExpiration":"2022-08-19T00:00:00"} --  

----------------------------------------------------------------------------
 
2021-09-01 12:47:16.9732 INFO -- SaveTankerPermit - Response: "a38a4311-ec11-432f-9435-215ff2f516d6" --  

----------------------------------------------------------------------------
 
2021-09-01 12:49:08.3940 INFO -- SaveTankerPermit - Request: {"PlateNo":"ب أ أ 939","transporterBrand":"Nissan","transporterProductionYear":"2015","licenseNo":"98557766","licenseExpiryDate":"2023-04-06T00:00:00","entranceDate":"2021-08-19T16:18:23.377","TankCapacity":5.0,"plateNo_Numbers":"7788","plateNo_Characters":"ط ل ل","TransporterColor":null,"Drivers":[{"DriverFullNameAR":"saed3","DriverIDType":"2","DriverIDValue":"2009667516","DriverMobileNumber":"0567251284","DriverDrivingLicenseNumber":"15","DriverDrivingLicenseExpiryDate":"19/08/2020"}],"PermitVersion":"v2.0","PermitIssue":"32","PermitExpiration":"2022-08-19T00:00:00"} --  

----------------------------------------------------------------------------
 
2021-09-01 12:49:15.4166 INFO -- SaveTankerPermit - Response: "a38a4311-ec11-432f-9435-215ff2f516d6" --  

----------------------------------------------------------------------------
 
2021-09-01 12:49:41.8615 INFO -- SaveTankerPermit - Request: {"PlateNo":"ب أ أ 939","transporterBrand":"Nissan","transporterProductionYear":"2015","licenseNo":"98557766","licenseExpiryDate":"2023-04-06T00:00:00","entranceDate":"2021-08-19T16:18:23.377","TankCapacity":5.0,"plateNo_Numbers":"7788","plateNo_Characters":"ط ل ل","TransporterColor":null,"Drivers":[{"DriverFullNameAR":"saed3","DriverIDType":"2","DriverIDValue":"2009667516","DriverMobileNumber":"0567251284","DriverDrivingLicenseNumber":"15","DriverDrivingLicenseExpiryDate":"19/08/2020"}],"PermitVersion":"v2.0","PermitIssue":"32","PermitExpiration":"2022-08-19T00:00:00"} --  

----------------------------------------------------------------------------
 
2021-09-01 12:49:42.8589 INFO -- SaveTankerPermit - Response: "a38a4311-ec11-432f-9435-215ff2f516d6" --  

----------------------------------------------------------------------------
 
2021-09-01 12:50:55.9302 INFO -- SaveTankerPermit - Request: {"PlateNo":"ب أ أ 939","transporterBrand":"Nissan","transporterProductionYear":"2015","licenseNo":"98557766","licenseExpiryDate":"2023-04-06T00:00:00","entranceDate":"2021-08-19T16:18:23.377","TankCapacity":5.0,"plateNo_Numbers":"7788","plateNo_Characters":"ط ل ل","TransporterColor":null,"Drivers":[{"DriverFullNameAR":"saed4","DriverIDType":"2","DriverIDValue":"2009667516","DriverMobileNumber":"0567251284","DriverDrivingLicenseNumber":"15","DriverDrivingLicenseExpiryDate":"19/08/2020"}],"PermitVersion":"v2.0","PermitIssue":"32","PermitExpiration":"2022-08-19T00:00:00"} --  

----------------------------------------------------------------------------
 
2021-09-01 12:50:56.7002 INFO -- SaveTankerPermit - Response: "a38a4311-ec11-432f-9435-215ff2f516d6" --  

----------------------------------------------------------------------------
 
2021-09-01 12:52:23.0666 INFO -- SaveTankerPermit - Request: {"PlateNo":"ب أ أ 939","transporterBrand":"Nissan","transporterProductionYear":"2015","licenseNo":"98557766","licenseExpiryDate":"2023-04-06T00:00:00","entranceDate":"2021-08-19T16:18:23.377","TankCapacity":5.0,"plateNo_Numbers":"7788","plateNo_Characters":"ط ل ل","TransporterColor":null,"Drivers":[{"DriverFullNameAR":"saed4","DriverIDType":"2","DriverIDValue":"2009667516","DriverMobileNumber":"0567251284","DriverDrivingLicenseNumber":"15","DriverDrivingLicenseExpiryDate":"19/08/2020"}],"PermitVersion":"v2.0","PermitIssue":"32","PermitExpiration":"2022-08-19T00:00:00"} --  

----------------------------------------------------------------------------
 
2021-09-01 12:52:23.8848 INFO -- SaveTankerPermit - Response: "a38a4311-ec11-432f-9435-215ff2f516d6" --  

----------------------------------------------------------------------------
 
2021-09-01 12:53:21.4311 INFO -- SaveTankerPermit - Request: {"PlateNo":"ب أ أ 939","transporterBrand":"Nissan","transporterProductionYear":"2015","licenseNo":"98557766","licenseExpiryDate":"2023-04-06T00:00:00","entranceDate":"2021-08-19T16:18:23.377","TankCapacity":5.0,"plateNo_Numbers":"7788","plateNo_Characters":"ط ل ل","TransporterColor":null,"Drivers":[{"DriverFullNameAR":"saed4","DriverIDType":"2","DriverIDValue":"2009667516","DriverMobileNumber":"0567251284","DriverDrivingLicenseNumber":"15","DriverDrivingLicenseExpiryDate":"19/08/2020"}],"PermitVersion":"v2.0","PermitIssue":"32","PermitExpiration":"2022-08-19T00:00:00"} --  

----------------------------------------------------------------------------
 
2021-09-01 12:53:22.6628 INFO -- SaveTankerPermit - Response: "a38a4311-ec11-432f-9435-215ff2f516d6" --  

----------------------------------------------------------------------------
 
2021-09-01 12:53:48.0883 INFO -- SaveTankerPermit - Request: {"PlateNo":"ب أ أ 939","transporterBrand":"Nissan","transporterProductionYear":"2015","licenseNo":"98557766","licenseExpiryDate":"2023-04-06T00:00:00","entranceDate":"2021-08-19T16:18:23.377","TankCapacity":5.0,"plateNo_Numbers":"7788","plateNo_Characters":"ط ل ل","TransporterColor":null,"Drivers":[{"DriverFullNameAR":"saed4","DriverIDType":"2","DriverIDValue":"2009667516","DriverMobileNumber":"0567251284","DriverDrivingLicenseNumber":"15","DriverDrivingLicenseExpiryDate":"19/08/2020"}],"PermitVersion":"v2.0","PermitIssue":"32","PermitExpiration":"2022-08-19T00:00:00"} --  

----------------------------------------------------------------------------
 
2021-09-01 12:53:48.9350 INFO -- SaveTankerPermit - Response: "a38a4311-ec11-432f-9435-215ff2f516d6" --  

----------------------------------------------------------------------------
 
2021-09-01 12:55:12.5325 INFO -- SaveTankerPermit - Request: {"PlateNo":"ب أ أ 939","transporterBrand":"Nissan","transporterProductionYear":"2015","licenseNo":"98557766","licenseExpiryDate":"2023-04-06T00:00:00","entranceDate":"2021-08-19T16:18:23.377","TankCapacity":5.0,"plateNo_Numbers":"7788","plateNo_Characters":"ط ل ل","TransporterColor":null,"Drivers":[{"DriverFullNameAR":"saed4","DriverIDType":"2","DriverIDValue":"2009667516","DriverMobileNumber":"0567251284","DriverDrivingLicenseNumber":"15","DriverDrivingLicenseExpiryDate":"19/08/2020"}],"PermitVersion":"v2.0","PermitIssue":"32","PermitExpiration":"2022-08-19T00:00:00"} --  

----------------------------------------------------------------------------
 
2021-09-01 12:55:13.4208 INFO -- SaveTankerPermit - Response: "a38a4311-ec11-432f-9435-215ff2f516d6" --  

----------------------------------------------------------------------------
 
2021-09-01 12:55:48.2224 INFO -- SaveTankerPermit - Request: {"PlateNo":"ب أ أ 939","transporterBrand":"Nissan","transporterProductionYear":"2015","licenseNo":"98557766","licenseExpiryDate":"2023-04-06T00:00:00","entranceDate":"2021-08-19T16:18:23.377","TankCapacity":5.0,"plateNo_Numbers":"7788","plateNo_Characters":"ط ل ل","TransporterColor":null,"Drivers":[{"DriverFullNameAR":"saed4","DriverIDType":"2","DriverIDValue":"2009667516","DriverMobileNumber":"0567251284","DriverDrivingLicenseNumber":"15","DriverDrivingLicenseExpiryDate":"19/08/2020"}],"PermitVersion":"v2.0","PermitIssue":"32","PermitExpiration":"2022-08-19T00:00:00"} --  

----------------------------------------------------------------------------
 
2021-09-01 12:55:49.0199 INFO -- SaveTankerPermit - Response: "a38a4311-ec11-432f-9435-215ff2f516d6" --  

----------------------------------------------------------------------------
 
2021-09-01 13:01:43.2405 INFO -- SaveTankerPermit - Request: {"PlateNo":"ب أ أ 939","transporterBrand":"Nissan","transporterProductionYear":"2015","licenseNo":"98557766","licenseExpiryDate":"2023-04-06T00:00:00","entranceDate":"2021-08-19T16:18:23.377","TankCapacity":5.0,"plateNo_Numbers":"7788","plateNo_Characters":"ط ل ل","TransporterColor":null,"Drivers":[{"DriverFullNameAR":"saed4","DriverIDType":"2","DriverIDValue":"2009667516","DriverMobileNumber":"0567251284","DriverDrivingLicenseNumber":"15","DriverDrivingLicenseExpiryDate":"19/08/2020"}],"PermitVersion":"v2.0","PermitIssue":"32","PermitExpiration":"2022-08-19T00:00:00"} --  

----------------------------------------------------------------------------
 
2021-09-01 13:02:05.5910 INFO -- SaveTankerPermit - Response: "a38a4311-ec11-432f-9435-215ff2f516d6" --  

----------------------------------------------------------------------------
 
2021-09-01 13:03:43.5881 INFO -- SaveTankerPermit - Request: {"PlateNo":"ب أ أ 939","transporterBrand":"Nissan","transporterProductionYear":"2015","licenseNo":"98557766","licenseExpiryDate":"2023-04-06T00:00:00","entranceDate":"2021-08-19T16:18:23.377","TankCapacity":5.0,"plateNo_Numbers":"7788","plateNo_Characters":"ط ل ل","TransporterColor":null,"Drivers":[{"DriverFullNameAR":"saed4","DriverIDType":"2","DriverIDValue":"2009667516","DriverMobileNumber":"0567251284","DriverDrivingLicenseNumber":"15","DriverDrivingLicenseExpiryDate":"19/08/2020"}],"PermitVersion":"v2.0","PermitIssue":"32","PermitExpiration":"2022-08-19T00:00:00"} --  

----------------------------------------------------------------------------
 
2021-09-01 13:03:44.4088 INFO -- SaveTankerPermit - Response: "a38a4311-ec11-432f-9435-215ff2f516d6" --  

----------------------------------------------------------------------------
 
2021-09-01 13:05:39.5352 INFO -- SaveTankerPermit - Request: {"PlateNo":"ب أ أ 939","transporterBrand":"Nissan","transporterProductionYear":"2015","licenseNo":"98557766","licenseExpiryDate":"2023-04-06T00:00:00","entranceDate":"2021-08-19T16:18:23.377","TankCapacity":5.0,"plateNo_Numbers":"7788","plateNo_Characters":"ط ل ل","TransporterColor":null,"Drivers":[{"DriverFullNameAR":"saed4","DriverIDType":"2","DriverIDValue":"2009667516","DriverMobileNumber":"0567251284","DriverDrivingLicenseNumber":"15","DriverDrivingLicenseExpiryDate":"19/08/2020"}],"PermitVersion":"v2.0","PermitIssue":"32","PermitExpiration":"2022-08-19T00:00:00"} --  

----------------------------------------------------------------------------
 
2021-09-01 13:05:40.4622 INFO -- SaveTankerPermit - Response: "a38a4311-ec11-432f-9435-215ff2f516d6" --  

----------------------------------------------------------------------------
 
2021-09-01 13:05:58.5079 INFO -- SaveTankerPermit - Request: {"PlateNo":"ب أ أ 939","transporterBrand":"Nissan","transporterProductionYear":"2015","licenseNo":"98557766","licenseExpiryDate":"2023-04-06T00:00:00","entranceDate":"2021-08-19T16:18:23.377","TankCapacity":5.0,"plateNo_Numbers":"7788","plateNo_Characters":"ط ل ل","TransporterColor":null,"Drivers":[{"DriverFullNameAR":"saed4","DriverIDType":"2","DriverIDValue":"2009667516","DriverMobileNumber":"0567251284","DriverDrivingLicenseNumber":"15","DriverDrivingLicenseExpiryDate":"19/08/2020"}],"PermitVersion":"v2.0","PermitIssue":"32","PermitExpiration":"2022-08-19T00:00:00"} --  

----------------------------------------------------------------------------
 
2021-09-01 13:05:59.4284 INFO -- SaveTankerPermit - Response: "a38a4311-ec11-432f-9435-215ff2f516d6" --  

----------------------------------------------------------------------------
 
2021-09-01 13:09:13.1889 INFO -- SaveTankerPermit - Request: {"PlateNo":"ب أ أ 939","transporterBrand":"Nissan","transporterProductionYear":"2015","licenseNo":"98557766","licenseExpiryDate":"2023-04-06T00:00:00","entranceDate":"2021-08-19T16:18:23.377","TankCapacity":5.0,"plateNo_Numbers":"7788","plateNo_Characters":"ط ل ل","TransporterColor":null,"Drivers":[{"DriverFullNameAR":"saed4","DriverIDType":"2","DriverIDValue":"2009667516","DriverMobileNumber":"0567251284","DriverDrivingLicenseNumber":"15","DriverDrivingLicenseExpiryDate":"19/08/2020"}],"PermitVersion":"v2.0","PermitIssue":"32","PermitExpiration":"2022-08-19T00:00:00"} --  

----------------------------------------------------------------------------
 
2021-09-01 13:09:18.0880 INFO -- SaveTankerPermit - Response: "a38a4311-ec11-432f-9435-215ff2f516d6" --  

----------------------------------------------------------------------------
 
2021-09-01 13:10:09.3362 INFO -- SaveTankerPermit - Request: {"PlateNo":"ب أ أ 939","transporterBrand":"Nissan","transporterProductionYear":"2015","licenseNo":"98557766","licenseExpiryDate":"2023-04-06T00:00:00","entranceDate":"2021-08-19T16:18:23.377","TankCapacity":5.0,"plateNo_Numbers":"7788","plateNo_Characters":"ط ل ل","TransporterColor":null,"Drivers":[{"DriverFullNameAR":"saed4","DriverIDType":"2","DriverIDValue":"2009667516","DriverMobileNumber":"0567251284","DriverDrivingLicenseNumber":"15","DriverDrivingLicenseExpiryDate":"19/08/2020"}],"PermitVersion":"v2.0","PermitIssue":"32","PermitExpiration":"2022-08-19T00:00:00"} --  

----------------------------------------------------------------------------
 
2021-09-01 13:10:10.1753 INFO -- SaveTankerPermit - Response: "a38a4311-ec11-432f-9435-215ff2f516d6" --  

----------------------------------------------------------------------------
 
2021-09-01 13:29:46.9905 INFO -- SaveTankerPermit - Request: {"PlateNo":"ب أ أ 939","transporterBrand":"Nissan","transporterProductionYear":"2015","licenseNo":"98557766","licenseExpiryDate":"2023-04-06T00:00:00","entranceDate":"2021-08-19T16:18:23.377","TankCapacity":5.0,"plateNo_Numbers":"7788","plateNo_Characters":"ط ل ل","TransporterColor":null,"Drivers":[{"DriverFullNameAR":"saed4","DriverIDType":"2","DriverIDValue":"2009667516","DriverMobileNumber":"0567251284","DriverDrivingLicenseNumber":"15","DriverDrivingLicenseExpiryDate":"19/08/2020"}],"PermitVersion":"v2.0","PermitIssue":"32","PermitExpiration":"2022-08-19T00:00:00"} --  

----------------------------------------------------------------------------
 
2021-09-01 13:29:52.1250 INFO -- SaveTankerPermit - Response: "a38a4311-ec11-432f-9435-215ff2f516d6" --  

----------------------------------------------------------------------------
 
2021-09-01 13:30:47.3194 INFO -- SaveTankerPermit - Request: {"PlateNo":"ب أ أ 939","transporterBrand":"Nissan","transporterProductionYear":"2015","licenseNo":"98557766","licenseExpiryDate":"2023-04-06T00:00:00","entranceDate":"2021-08-19T16:18:23.377","TankCapacity":5.0,"plateNo_Numbers":"7788","plateNo_Characters":"ط ل ل","TransporterColor":null,"Drivers":[{"DriverFullNameAR":"saed4","DriverIDType":"2","DriverIDValue":"2009667516","DriverMobileNumber":"0567251284","DriverDrivingLicenseNumber":"15","DriverDrivingLicenseExpiryDate":"19/08/2020"}],"PermitVersion":"v2.0","PermitIssue":"32","PermitExpiration":"2022-08-19T00:00:00"} --  

----------------------------------------------------------------------------
 
2021-09-01 13:30:48.1441 INFO -- SaveTankerPermit - Response: "a38a4311-ec11-432f-9435-215ff2f516d6" --  

----------------------------------------------------------------------------
 
2021-09-01 13:39:57.8223 INFO -- SaveTankerPermit - Request: {"PlateNo":"ب أ أ 939","transporterBrand":"Nissan","transporterProductionYear":"2015","licenseNo":"98557766","licenseExpiryDate":"2023-04-06T00:00:00","entranceDate":"2021-08-19T16:18:23.377","TankCapacity":5.0,"plateNo_Numbers":"7788","plateNo_Characters":"ط ل ل","TransporterColor":null,"Drivers":[{"DriverFullNameAR":"saed4","DriverIDType":"2","DriverIDValue":"2009667516","DriverMobileNumber":"0567251284","DriverDrivingLicenseNumber":"15","DriverDrivingLicenseExpiryDate":"19/08/2020"}],"PermitVersion":"v2.0","PermitIssue":"32","PermitExpiration":"2022-08-19T00:00:00"} --  

----------------------------------------------------------------------------
 
2021-09-01 13:40:04.1852 ERROR -- System.Exception: SaveTankerPermit - Sending wrong, expired or invalid authentication token. -- System.Exception: SaveTankerPermit - Sending wrong, expired or invalid authentication token. 

----------------------------------------------------------------------------
 
2021-09-01 13:40:53.9928 INFO -- AuthenticateUser - Request: {"ID":"00000000-0000-0000-0000-000000000000","UserName":"2258134598","Password":"P@ssw0rd32","StaffID":"00000000-0000-0000-0000-000000000000","SubID":"00000000-0000-0000-0000-000000000000"} --  

----------------------------------------------------------------------------
 
2021-09-01 13:40:54.4891 INFO -- AuthenticateUser - Response: {"Token":"fKXdECQcCCcMSxkDt71Ygc4oukmm-rkYYNzfOpGfH23E1oqwPvL5kCrQBZngVY7Jv6qelvlpeekfmRTISu5nIs2_U5Q_IVKK7Z2FpPVHNhW28ndh0X3mGB2W6AOggLDc9Zulrg8lwERNTynhntGWffy3yP9y-lr8xMxMV77MO8sB6Ag3-ZrSMfTOT3qzhBzT","TimeStamp":"2021-09-01T13:40:54.4632463+03:00"} --  

----------------------------------------------------------------------------
 
2021-09-01 13:41:02.4225 INFO -- SaveTankerPermit - Request: {"PlateNo":"ب أ أ 939","transporterBrand":"Nissan","transporterProductionYear":"2015","licenseNo":"98557766","licenseExpiryDate":"2023-04-06T00:00:00","entranceDate":"2021-08-19T16:18:23.377","TankCapacity":5.0,"plateNo_Numbers":"7788","plateNo_Characters":"ط ل ل","TransporterColor":null,"Drivers":[{"DriverFullNameAR":"saed4","DriverIDType":"2","DriverIDValue":"2009667516","DriverMobileNumber":"0567251284","DriverDrivingLicenseNumber":"15","DriverDrivingLicenseExpiryDate":"19/08/2020"}],"PermitVersion":"v2.0","PermitIssue":"32","PermitExpiration":"2022-08-19T00:00:00"} --  

----------------------------------------------------------------------------
 
2021-09-01 13:41:03.7040 INFO -- SaveTankerPermit - Response: "a38a4311-ec11-432f-9435-215ff2f516d6" --  

----------------------------------------------------------------------------
 
2021-09-01 14:04:16.6245 INFO -- SaveTankerPermit - Request: {"PlateNo":"ب أ أ 938","transporterBrand":"Nissan","transporterProductionYear":"2015","licenseNo":"98557766","licenseExpiryDate":"2023-04-06T00:00:00","entranceDate":"2021-08-19T16:18:23.377","TankCapacity":5.0,"plateNo_Numbers":"7788","plateNo_Characters":"ط ل ل","TransporterColor":null,"Drivers":[{"DriverFullNameAR":"saed4","DriverIDType":"2","DriverIDValue":"2009667516","DriverMobileNumber":"0567251284","DriverDrivingLicenseNumber":"15","DriverDrivingLicenseExpiryDate":"19/08/2020"}],"PermitVersion":"v2.0","PermitIssue":"32","PermitExpiration":"2022-08-19T00:00:00"} --  

----------------------------------------------------------------------------
 
2021-09-01 14:04:17.4533 INFO -- SaveTankerPermit - Response: "9728f30d-9280-4219-8a30-5955b3983bb9" --  

----------------------------------------------------------------------------
 
2021-09-01 14:06:28.5465 INFO -- SaveTankerPermit - Request: {"PlateNo":"ب أ أ 938","transporterBrand":"Nissan","transporterProductionYear":"2015","licenseNo":"98557766","licenseExpiryDate":"2023-04-06T00:00:00","entranceDate":"2021-08-19T16:18:23.377","TankCapacity":5.0,"plateNo_Numbers":"7788","plateNo_Characters":"ط ل ل","TransporterColor":null,"Drivers":[{"DriverFullNameAR":"saed4","DriverIDType":"2","DriverIDValue":"2009667516","DriverMobileNumber":"0567251284","DriverDrivingLicenseNumber":"15","DriverDrivingLicenseExpiryDate":"19/08/2020"}],"PermitVersion":"v2.0","PermitIssue":"32","PermitExpiration":"2022-08-19T00:00:00"} --  

----------------------------------------------------------------------------
 
2021-09-01 14:06:57.3674 INFO -- SaveTankerPermit - Response: "4d7770a1-4093-41a0-acb1-a89046a36478" --  

----------------------------------------------------------------------------
 
2021-09-01 14:10:05.9693 INFO -- SaveTankerPermit - Request: {"PlateNo":"ب أ أ 938","transporterBrand":"Nissan","transporterProductionYear":"2015","licenseNo":"98557766","licenseExpiryDate":"2023-04-06T00:00:00","entranceDate":"2021-08-19T16:18:23.377","TankCapacity":5.0,"plateNo_Numbers":"7788","plateNo_Characters":"ط ل ل","TransporterColor":null,"Drivers":[{"DriverFullNameAR":"saed4","DriverIDType":"2","DriverIDValue":"2009667516","DriverMobileNumber":"0567251284","DriverDrivingLicenseNumber":"15","DriverDrivingLicenseExpiryDate":"19/08/2020"}],"PermitVersion":"v2.0","PermitIssue":"32","PermitExpiration":"2022-08-19T00:00:00"} --  

----------------------------------------------------------------------------
 
2021-09-01 14:10:06.7944 INFO -- SaveTankerPermit - Response: "f9cec54c-a964-46f6-abce-6987ddedce48" --  

----------------------------------------------------------------------------
 
2021-09-01 14:11:54.3018 INFO -- SaveTankerPermit - Request: {"PlateNo":"ب أ أ 938","transporterBrand":"Nissan","transporterProductionYear":"2015","licenseNo":"98557766","licenseExpiryDate":"2023-04-06T00:00:00","entranceDate":"2021-08-19T16:18:23.377","TankCapacity":5.0,"plateNo_Numbers":"7788","plateNo_Characters":"ط ل ل","TransporterColor":null,"Drivers":[{"DriverFullNameAR":"saed4","DriverIDType":"2","DriverIDValue":"2009667516","DriverMobileNumber":"0567251284","DriverDrivingLicenseNumber":"15","DriverDrivingLicenseExpiryDate":"19/08/2020"}],"PermitVersion":"v2.0","PermitIssue":"32","PermitExpiration":"2022-08-19T00:00:00"} --  

----------------------------------------------------------------------------
 
2021-09-01 14:11:55.2609 INFO -- SaveTankerPermit - Response: "f9cec54c-a964-46f6-abce-6987ddedce48" --  

----------------------------------------------------------------------------
 
2021-09-01 14:12:20.8651 INFO -- SaveTankerPermit - Request: {"PlateNo":"ب أ أ 938","transporterBrand":"Nissan","transporterProductionYear":"2015","licenseNo":"98557766","licenseExpiryDate":"2023-04-06T00:00:00","entranceDate":"2021-08-19T16:18:23.377","TankCapacity":5.0,"plateNo_Numbers":"7788","plateNo_Characters":"ط ل ل","TransporterColor":null,"Drivers":[{"DriverFullNameAR":"saed4","DriverIDType":"2","DriverIDValue":"2009667516","DriverMobileNumber":"0567251284","DriverDrivingLicenseNumber":"15","DriverDrivingLicenseExpiryDate":"19/08/2020"}],"PermitVersion":"v2.0","PermitIssue":"32","PermitExpiration":"2022-08-19T00:00:00"} --  

----------------------------------------------------------------------------
 
2021-09-01 14:12:21.6625 INFO -- SaveTankerPermit - Response: "f9cec54c-a964-46f6-abce-6987ddedce48" --  

----------------------------------------------------------------------------
 
2021-09-01 14:13:09.3142 INFO -- SaveTankerPermit - Request: {"PlateNo":"ب أ أ 938","transporterBrand":"Nissan","transporterProductionYear":"2015","licenseNo":"98557766","licenseExpiryDate":"2023-04-06T00:00:00","entranceDate":"2021-08-19T16:18:23.377","TankCapacity":5.0,"plateNo_Numbers":"7788","plateNo_Characters":"ط ل ل","TransporterColor":null,"Drivers":[{"DriverFullNameAR":"saed4","DriverIDType":"2","DriverIDValue":"2009667516","DriverMobileNumber":"0567251284","DriverDrivingLicenseNumber":"15","DriverDrivingLicenseExpiryDate":"19/08/2020"}],"PermitVersion":"v2.0","PermitIssue":"32","PermitExpiration":"2022-08-19T00:00:00"} --  

----------------------------------------------------------------------------
 
2021-09-01 14:13:10.1672 INFO -- SaveTankerPermit - Response: "f9cec54c-a964-46f6-abce-6987ddedce48" --  

----------------------------------------------------------------------------
 
