2021-09-02 10:12:43.5071 INFO -- AuthenticateUser - Request: {"ID":"00000000-0000-0000-0000-000000000000","UserName":"2258134598","Password":"P@ssw0rd32","StaffID":"00000000-0000-0000-0000-000000000000","SubID":"00000000-0000-0000-0000-000000000000"} --  

----------------------------------------------------------------------------
 
2021-09-02 10:12:50.0735 INFO -- AuthenticateUser - Response: {"Token":"fKXdECQcCCcMSxkDt71Ygc4oukmm-rkYYNzfOpGfH23E1oqwPvL5kCrQBZngVY7Jv6qelvlpeekfmRTISu5nIs2_U5Q_IVKK7Z2FpPVHNhW28ndh0X3mGB2W6AOggLDc9Zulrg8lwERNTynhntGWfcFttuGNtnrIPBJaLBTaEKB1uIA1fzqqWMLSQ4bWDML_","TimeStamp":"2021-09-02T10:12:49.9297077+03:00"} --  

----------------------------------------------------------------------------
 
2021-09-02 10:13:56.1677 INFO -- SaveTankerPermit - Request: {"PlateNo":"ب ب ب 5555","transporterBrand":"Nissan","transporterProductionYear":"2015","licenseNo":"98557766","licenseExpiryDate":"2023-04-06T00:00:00","entranceDate":"2021-08-19T16:18:23.377","TankCapacity":5.0,"plateNo_Numbers":"7788","plateNo_Characters":"ط ل ل","TransporterColor":null,"Drivers":[{"DriverFullNameAR":"saed4","DriverIDType":"2","DriverIDValue":"2009667516","DriverMobileNumber":"0567251284","DriverDrivingLicenseNumber":"15","DriverDrivingLicenseExpiryDate":"19/08/2020"}],"PermitVersion":"v2.0","PermitIssue":"32","PermitExpiration":"2022-08-19T00:00:00"} --  

----------------------------------------------------------------------------
 
2021-09-02 10:14:02.6886 INFO -- SaveTankerPermit - Response: "9d3ef5da-6125-4ec1-be75-e4b04aec3277" --  

----------------------------------------------------------------------------
 
2021-09-02 10:16:51.4591 INFO -- SaveTankerPermit - Request: {"PlateNo":"ب ب ب 5555","transporterBrand":"Nissan","transporterProductionYear":"2015","licenseNo":"98557766","licenseExpiryDate":"2023-04-06T00:00:00","entranceDate":"2021-08-19T16:18:23.377","TankCapacity":5.0,"plateNo_Numbers":"7788","plateNo_Characters":"ط ل ل","TransporterColor":null,"Drivers":[{"DriverFullNameAR":"saed4","DriverIDType":"2","DriverIDValue":"2009667516","DriverMobileNumber":"0567251284","DriverDrivingLicenseNumber":"15","DriverDrivingLicenseExpiryDate":"19/08/2020"}],"PermitVersion":"v2.0","PermitIssue":"32","PermitExpiration":"2022-08-19T00:00:00"} --  

----------------------------------------------------------------------------
 
2021-09-02 10:16:52.8732 INFO -- SaveTankerPermit - Response: "9d3ef5da-6125-4ec1-be75-e4b04aec3277" --  

----------------------------------------------------------------------------
 
2021-09-02 10:18:31.5292 INFO -- SaveTankerPermit - Request: {"PlateNo":"ب ب ب 5555","transporterBrand":"Nissan","transporterProductionYear":"2015","licenseNo":"98557766","licenseExpiryDate":"2023-04-06T00:00:00","entranceDate":"2021-08-19T16:18:23.377","TankCapacity":5.0,"plateNo_Numbers":"7788","plateNo_Characters":"ط ل ل","TransporterColor":null,"Drivers":[{"DriverFullNameAR":"saed4","DriverIDType":"2","DriverIDValue":"2009667516","DriverMobileNumber":"0567251284","DriverDrivingLicenseNumber":"15","DriverDrivingLicenseExpiryDate":"19/08/2020"}],"PermitVersion":"v2.0","PermitIssue":"32","PermitExpiration":"2022-08-19T00:00:00"} --  

----------------------------------------------------------------------------
 
2021-09-02 10:18:32.9637 INFO -- SaveTankerPermit - Response: "9d3ef5da-6125-4ec1-be75-e4b04aec3277" --  

----------------------------------------------------------------------------
 
2021-09-02 10:19:43.0161 INFO -- SaveTankerPermit - Request: {"PlateNo":"ب ب ب 5555","transporterBrand":"Nissan","transporterProductionYear":"2015","licenseNo":"98557766","licenseExpiryDate":"2023-04-06T00:00:00","entranceDate":"2021-08-19T16:18:23.377","TankCapacity":5.0,"plateNo_Numbers":"7788","plateNo_Characters":"ط ل ل","TransporterColor":null,"Drivers":[{"DriverFullNameAR":"saed4","DriverIDType":"2","DriverIDValue":"2009667516","DriverMobileNumber":"0567251284","DriverDrivingLicenseNumber":"15","DriverDrivingLicenseExpiryDate":"19/08/2020"}],"PermitVersion":"v2.0","PermitIssue":"32","PermitExpiration":"2022-08-19T00:00:00"} --  

----------------------------------------------------------------------------
 
2021-09-02 10:19:44.4782 INFO -- SaveTankerPermit - Response: "9d3ef5da-6125-4ec1-be75-e4b04aec3277" --  

----------------------------------------------------------------------------
 
2021-09-02 10:23:28.1863 INFO -- SaveTankerPermit - Request: {"PlateNo":"x2سf3","transporterBrand":"Nissan","transporterProductionYear":"2015","licenseNo":"98557766","licenseExpiryDate":"2023-04-06T00:00:00","entranceDate":"2021-08-19T16:18:23.377","TankCapacity":5.0,"plateNo_Numbers":"7788","plateNo_Characters":"ط ل ل","TransporterColor":null,"Drivers":[{"DriverFullNameAR":"saed4","DriverIDType":"2","DriverIDValue":"2009667515","DriverMobileNumber":"0567251284","DriverDrivingLicenseNumber":"15","DriverDrivingLicenseExpiryDate":"19/08/2020"}],"PermitVersion":"v2.0","PermitIssue":"32","PermitExpiration":"2022-08-19T00:00:00"} --  

----------------------------------------------------------------------------
 
2021-09-02 10:23:29.6358 INFO -- SaveTankerPermit - Response: "538d01be-fce0-4af0-99fd-99adc8712183" --  

----------------------------------------------------------------------------
 
2021-09-02 10:25:42.6408 INFO -- SaveTankerPermit - Request: {"PlateNo":"x2سf3","transporterBrand":"Nissan","transporterProductionYear":"2015","licenseNo":"98557766","licenseExpiryDate":"2023-04-06T00:00:00","entranceDate":"2021-08-19T16:18:23.377","TankCapacity":5.0,"plateNo_Numbers":"7788","plateNo_Characters":"ط ل ل","TransporterColor":null,"Drivers":[{"DriverFullNameAR":"saed4","DriverIDType":"2","DriverIDValue":"2009667515","DriverMobileNumber":"0567251284","DriverDrivingLicenseNumber":"15","DriverDrivingLicenseExpiryDate":"19/08/2020"}],"PermitVersion":"v2.0","PermitIssue":"32","PermitExpiration":"2022-08-19T00:00:00"} --  

----------------------------------------------------------------------------
 
2021-09-02 10:25:44.1488 INFO -- SaveTankerPermit - Response: "538d01be-fce0-4af0-99fd-99adc8712183" --  

----------------------------------------------------------------------------
 
