2021-10-04 10:24:17.2561 INFO -- AuthenticateUser - Request: {"ID":"00000000-0000-0000-0000-000000000000","UserName":"2258134598","Password":"P@ssw0rd32","StaffID":"00000000-0000-0000-0000-000000000000","SubID":"00000000-0000-0000-0000-000000000000","Source":"ELM","TransactionId":"fKXdECQcCCcMSxkDt71Ygc4oukmm-rkYYNz"} --  

----------------------------------------------------------------------------
 
2021-10-04 10:24:33.8214 INFO -- AuthenticateUser - Response: {"Token":"fKXdECQcCCcMSxkDt71Ygc4oukmm-rkYYNzfOpGfH23E1oqwPvL5kCrQBZngVY7Jv6qelvlpeekfmRTISu5nIs2_U5Q_IVKK7Z2FpPVHNhW28ndh0X3mGB2W6AOggLDc9Zulrg8lwERNTynhntGWfVyLaJeKZ9sh2iXTYx7NRkLDnoj8dlcg53KZbEsF6wPF","TimeStamp":"2021-10-04T10:24:33.3424503+03:00"} --  

----------------------------------------------------------------------------
 
2021-10-04 10:24:50.0500 INFO -- SaveTankerPermit - Sending wrong, expired or invalid authentication token. --  

----------------------------------------------------------------------------
 
2021-10-04 10:25:05.9053 INFO -- SaveTankerPermit - Sending wrong, expired or invalid authentication token. --  

----------------------------------------------------------------------------
 
2021-10-04 10:26:13.5896 INFO -- SaveTankerPermit - Request: {"PlateNo":"و أ ب 1761","transporterBrand":"TOY OTA","transporterProductionYear":"2019","licenseNo":"98957032","licenseExpiryDate":"2021-11-30T00:00:00","entranceDate":"2021-08-31T20:09:26.88","TankCapacity":22.0,"plateNo_Numbers":"1761","plateNo_Characters":"أ أ أ","TransporterColor":null,"Drivers":[{"DriverFullNameAR":"saed2","DriverIDType":"2","DriverIDValue":"2","DriverMobileNumber":"0555555555","DriverDrivingLicenseNumber":"1000001733","DriverDrivingLicenseExpiryDate":"2022-08-08"}],"PermitVersion":"01.00","PermitIssue":"2021-08-31","PermitExpiration":"2022-08-31T00:00:00","Source":null,"TransactionId":"fe767187-12b7-4340-92d9-a633e7b1b0a3"} --  

----------------------------------------------------------------------------
 
2021-10-04 10:26:24.5231 INFO -- SaveTankerPermit - Response: "68d87380-d2c6-4e9d-b8e7-90a2be63b2b9" --  

----------------------------------------------------------------------------
 
2021-10-04 11:38:08.0747 INFO -- AuthenticateUser - Request: {"ID":"00000000-0000-0000-0000-000000000000","UserName":"2258134598","Password":"P@ssw0rd32","StaffID":"00000000-0000-0000-0000-000000000000","SubID":"00000000-0000-0000-0000-000000000000","Source":"ELM","TransactionId":"fKXdECQcCCcMSxkDt71Ygc4oukmm-rkYYNz"} --  

----------------------------------------------------------------------------
 
2021-10-04 11:38:08.4651 INFO -- AuthenticateUser - Response: {"Token":"fKXdECQcCCcMSxkDt71Ygc4oukmm-rkYYNzfOpGfH23E1oqwPvL5kCrQBZngVY7Jv6qelvlpeekfmRTISu5nIs2_U5Q_IVKK7Z2FpPVHNhW28ndh0X3mGB2W6AOggLDc9Zulrg8lwERNTynhntGWfdCcL2uWURF47qm5PA6KzhNPpdb-96amZjm5-ouN0gbi","TimeStamp":"2021-10-04T11:38:08.442146+03:00"} --  

----------------------------------------------------------------------------
 
2021-10-04 11:38:17.7660 INFO -- SaveTankerPermit - Request: {"PlateNo":"و أ ب 1761","transporterBrand":"TOY OTA","transporterProductionYear":"2019","licenseNo":"98957032","licenseExpiryDate":"2021-11-30T00:00:00","entranceDate":"2021-08-31T20:09:26.88","TankCapacity":22.0,"plateNo_Numbers":"1761","plateNo_Characters":"أ أ أ","TransporterColor":null,"Drivers":[{"DriverFullNameAR":null,"DriverIDType":null,"DriverIDValue":null,"DriverMobileNumber":"0555555555","DriverDrivingLicenseNumber":"1000001733","DriverDrivingLicenseExpiryDate":"2022-08-08"}],"PermitVersion":"01.00","PermitIssue":"2021-08-31","PermitExpiration":"2022-08-31T00:00:00","Source":null,"TransactionId":"fe767187-12b7-4340-92d9-a633e7b1b0a3"} --  

----------------------------------------------------------------------------
 
2021-10-04 11:38:18.5607 INFO -- SaveTankerPermit - Response: null --  

----------------------------------------------------------------------------
 
2021-10-04 11:38:24.7636 INFO -- SaveTankerPermit - Request: {"PlateNo":"و أ 3 1761","transporterBrand":"TOY OTA","transporterProductionYear":"2019","licenseNo":"98957032","licenseExpiryDate":"2021-11-30T00:00:00","entranceDate":"2021-08-31T20:09:26.88","TankCapacity":22.0,"plateNo_Numbers":"1761","plateNo_Characters":"أ أ أ","TransporterColor":null,"Drivers":[{"DriverFullNameAR":null,"DriverIDType":null,"DriverIDValue":null,"DriverMobileNumber":"0555555555","DriverDrivingLicenseNumber":"1000001733","DriverDrivingLicenseExpiryDate":"2022-08-08"}],"PermitVersion":"01.00","PermitIssue":"2021-08-31","PermitExpiration":"2022-08-31T00:00:00","Source":null,"TransactionId":"fe767187-12b7-4340-92d9-a633e7b1b0a3"} --  

----------------------------------------------------------------------------
 
2021-10-04 11:38:25.7406 INFO -- SaveTankerPermit - Response: "d8f556cf-966d-4f07-ae73-ebafcf076c47" --  

----------------------------------------------------------------------------
 
2021-10-04 11:47:08.4747 INFO -- SaveTankerPermit - Request: {"PlateNo":"و أ 3 1761","transporterBrand":"TOY OTA","transporterProductionYear":"2019","licenseNo":"98957032","licenseExpiryDate":"2021-11-30T00:00:00","entranceDate":"2021-08-31T20:09:26.88","TankCapacity":22.0,"plateNo_Numbers":"1761","plateNo_Characters":"أ أ أ","TransporterColor":null,"Drivers":[{"DriverFullNameAR":null,"DriverIDType":null,"DriverIDValue":null,"DriverMobileNumber":"0555555555","DriverDrivingLicenseNumber":"1000001733","DriverDrivingLicenseExpiryDate":"2022-08-08"}],"PermitVersion":"01.00","PermitIssue":"2021-08-31","PermitExpiration":"2022-08-31T00:00:00","Source":null,"TransactionId":"fe767187-12b7-4340-92d9-a633e7b1b0a3"} --  

----------------------------------------------------------------------------
 
2021-10-04 11:47:09.1349 INFO -- SaveTankerPermit - Response: null --  

----------------------------------------------------------------------------
 
2021-10-04 11:47:15.5340 INFO -- SaveTankerPermit - Request: {"PlateNo":"و أ 1 1761","transporterBrand":"TOY OTA","transporterProductionYear":"2019","licenseNo":"98957032","licenseExpiryDate":"2021-11-30T00:00:00","entranceDate":"2021-08-31T20:09:26.88","TankCapacity":22.0,"plateNo_Numbers":"1761","plateNo_Characters":"أ أ أ","TransporterColor":null,"Drivers":[{"DriverFullNameAR":null,"DriverIDType":null,"DriverIDValue":null,"DriverMobileNumber":"0555555555","DriverDrivingLicenseNumber":"1000001733","DriverDrivingLicenseExpiryDate":"2022-08-08"}],"PermitVersion":"01.00","PermitIssue":"2021-08-31","PermitExpiration":"2022-08-31T00:00:00","Source":null,"TransactionId":"fe767187-12b7-4340-92d9-a633e7b1b0a3"} --  

----------------------------------------------------------------------------
 
2021-10-04 11:47:16.3949 INFO -- SaveTankerPermit - Response: "07f4eca6-9043-4ff3-9411-aa2b12e8c456" --  

----------------------------------------------------------------------------
 
