2022-02-19 18:22:24.6604 INFO -- ***** start to generate token  --  

----------------------------------------------------------------------------
 
2022-02-19 18:22:24.6604 INFO -- ***** start to generate token  --  

----------------------------------------------------------------------------
 
2022-02-19 18:22:29.7869 ERROR -- AuthenticationManager.AuthenticateUser : One or more errors occurred. -- System.Net.Http.HttpRequestException: An error occurred while sending the request. ---> System.Net.WebException: Unable to connect to the remote server ---> System.Net.Sockets.SocketException: No connection could be made because the target machine actively refused it 127.0.0.1:43238
   at System.Net.Sockets.Socket.InternalEndConnect(IAsyncResult asyncResult)
   at System.Net.Sockets.Socket.EndConnect(IAsyncResult asyncResult)
   at System.Net.ServicePoint.ConnectSocketInternal(Boolean connectFailure, Socket s4, Socket s6, Socket& socket, IPAddress& address, ConnectSocketState state, IAsyncResult asyncResult, Exception& exception)
   --- End of inner exception stack trace ---
   at System.Net.HttpWebRequest.EndGetRequestStream(IAsyncResult asyncResult, TransportContext& context)
   at System.Net.Http.HttpClientHandler.GetRequestStreamCallback(IAsyncResult ar)
   --- End of inner exception stack trace --- 

----------------------------------------------------------------------------
 
2022-02-19 18:22:29.7869 ERROR -- ***** Error At  :19/02/22 6:22:29 PM - Object reference not set to an instance of an object. --  

----------------------------------------------------------------------------
 
2022-02-19 18:22:29.7869 ERROR -- AuthenticationManager.AuthenticateUser : One or more errors occurred. -- System.Net.Http.HttpRequestException: An error occurred while sending the request. ---> System.Net.WebException: Unable to connect to the remote server ---> System.Net.Sockets.SocketException: No connection could be made because the target machine actively refused it 127.0.0.1:43238
   at System.Net.Sockets.Socket.InternalEndConnect(IAsyncResult asyncResult)
   at System.Net.Sockets.Socket.EndConnect(IAsyncResult asyncResult)
   at System.Net.ServicePoint.ConnectSocketInternal(Boolean connectFailure, Socket s4, Socket s6, Socket& socket, IPAddress& address, ConnectSocketState state, IAsyncResult asyncResult, Exception& exception)
   --- End of inner exception stack trace ---
   at System.Net.HttpWebRequest.EndGetRequestStream(IAsyncResult asyncResult, TransportContext& context)
   at System.Net.Http.HttpClientHandler.GetRequestStreamCallback(IAsyncResult ar)
   --- End of inner exception stack trace --- 

----------------------------------------------------------------------------
 
2022-02-19 18:22:29.7869 ERROR -- ***** Error At  :19/02/22 6:22:29 PM - Object reference not set to an instance of an object. --  

----------------------------------------------------------------------------
 
2022-02-19 18:23:59.4889 INFO -- ***** start to generate token  --  

----------------------------------------------------------------------------
 
2022-02-19 18:23:59.4847 INFO -- ***** start to generate token  --  

----------------------------------------------------------------------------
 
2022-02-19 18:24:04.8684 ERROR -- AuthenticationManager.AuthenticateUser : One or more errors occurred. -- System.Net.Http.HttpRequestException: An error occurred while sending the request. ---> System.Net.WebException: Unable to connect to the remote server ---> System.Net.Sockets.SocketException: No connection could be made because the target machine actively refused it 127.0.0.1:43238
   at System.Net.Sockets.Socket.InternalEndConnect(IAsyncResult asyncResult)
   at System.Net.Sockets.Socket.EndConnect(IAsyncResult asyncResult)
   at System.Net.ServicePoint.ConnectSocketInternal(Boolean connectFailure, Socket s4, Socket s6, Socket& socket, IPAddress& address, ConnectSocketState state, IAsyncResult asyncResult, Exception& exception)
   --- End of inner exception stack trace ---
   at System.Net.HttpWebRequest.EndGetRequestStream(IAsyncResult asyncResult, TransportContext& context)
   at System.Net.Http.HttpClientHandler.GetRequestStreamCallback(IAsyncResult ar)
   --- End of inner exception stack trace --- 

----------------------------------------------------------------------------
 
2022-02-19 18:24:04.8684 ERROR -- ***** Error At  :19/02/22 6:24:04 PM - Object reference not set to an instance of an object. --  

----------------------------------------------------------------------------
 
2022-02-19 18:24:04.8040 ERROR -- AuthenticationManager.AuthenticateUser : One or more errors occurred. -- System.Net.Http.HttpRequestException: An error occurred while sending the request. ---> System.Net.WebException: Unable to connect to the remote server ---> System.Net.Sockets.SocketException: No connection could be made because the target machine actively refused it 127.0.0.1:43238
   at System.Net.Sockets.Socket.InternalEndConnect(IAsyncResult asyncResult)
   at System.Net.Sockets.Socket.EndConnect(IAsyncResult asyncResult)
   at System.Net.ServicePoint.ConnectSocketInternal(Boolean connectFailure, Socket s4, Socket s6, Socket& socket, IPAddress& address, ConnectSocketState state, IAsyncResult asyncResult, Exception& exception)
   --- End of inner exception stack trace ---
   at System.Net.HttpWebRequest.EndGetRequestStream(IAsyncResult asyncResult, TransportContext& context)
   at System.Net.Http.HttpClientHandler.GetRequestStreamCallback(IAsyncResult ar)
   --- End of inner exception stack trace --- 

----------------------------------------------------------------------------
 
2022-02-19 18:24:04.8040 ERROR -- ***** Error At  :19/02/22 6:24:04 PM - Object reference not set to an instance of an object. --  

----------------------------------------------------------------------------
 
